
*** Imported 71 new test cases from: /home/maarten/final_fuzzer_outputs/afl_output_rpc_methods_response_24h//fuzzer04/queue

[+] AFL test case: id:000000,orig:add_object.xml (0 / 71), cycle: 0
    lines......: 4.9% (187 of 3785 lines)
    functions..: 6.3% (11 of 175 functions)

    Coverage diff (init) id:000000,orig:add_object.xml
diff (init) -> id:000000,orig:add_object.xml
New src file: /usr/local/include/libubox/list.h
  New 'line' coverage: 63
  New 'line' coverage: 65
New src file: /home/maarten/Desktop/easycwmp_cov_copy/src/harness.c
  New 'function' coverage: main()
  New 'line' coverage: 102
  New 'line' coverage: 106
  New 'line' coverage: 108
  New 'line' coverage: 116
  New 'line' coverage: 118
  New 'line' coverage: 18
  New 'line' coverage: 20
  New 'line' coverage: 22
  New 'line' coverage: 26
  New 'line' coverage: 34
  New 'line' coverage: 35
  New 'line' coverage: 37
  New 'line' coverage: 40
  New 'line' coverage: 43
  New 'line' coverage: 44
  New 'line' coverage: 47
  New 'line' coverage: 50
  New 'line' coverage: 53
  New 'line' coverage: 54
  New 'line' coverage: 57
  New 'line' coverage: 60
  New 'line' coverage: 68
  New 'line' coverage: 69
  New 'line' coverage: 71
  New 'line' coverage: 72
  New 'line' coverage: 73
  New 'line' coverage: 74
  New 'line' coverage: 75
  New 'line' coverage: 77
  New 'line' coverage: 78
  New 'line' coverage: 80
  New 'line' coverage: 87
  New 'line' coverage: 89
  New 'line' coverage: 90
  New 'line' coverage: 92
  New 'line' coverage: 95
  New 'line' coverage: 98
New src file: /home/maarten/Desktop/easycwmp_cov_copy/src/log.c
  New 'function' coverage: log_message()
  New 'line' coverage: 41
  New 'line' coverage: 43
  New 'line' coverage: 45
  New 'line' coverage: 47
  New 'line' coverage: 48
  New 'line' coverage: 49
  New 'line' coverage: 50
  New 'line' coverage: 51
  New 'line' coverage: 52
  New 'line' coverage: 54
  New 'line' coverage: 55
  New 'line' coverage: 56
  New 'line' coverage: 57
  New 'line' coverage: 58
  New 'line' coverage: 60
New src file: /home/maarten/Desktop/easycwmp_cov_copy/src/xml.c
  New 'function' coverage: xml_free_ns()
  New 'function' coverage: xml_get_hold_request()
  New 'function' coverage: xml_mxml_find_node_by_env_type()
  New 'function' coverage: xml_mxml_get_attrname_array()
  New 'function' coverage: xml_parse_get_rpc_methods_response_message()
  New 'function' coverage: xml_recreate_namespace()
  New 'line' coverage: 155
  New 'line' coverage: 157
  New 'line' coverage: 158
  New 'line' coverage: 159
  New 'line' coverage: 160
  New 'line' coverage: 161
  New 'line' coverage: 162
  New 'line' coverage: 165
  New 'line' coverage: 214
  New 'line' coverage: 219
  New 'line' coverage: 220
  New 'line' coverage: 222
  New 'line' coverage: 225
  New 'line' coverage: 226
  New 'line' coverage: 227
  New 'line' coverage: 229
  New 'line' coverage: 231
  New 'line' coverage: 233
  New 'line' coverage: 236
  New 'line' coverage: 239
  New 'line' coverage: 240
  New 'line' coverage: 241
  New 'line' coverage: 242
  New 'line' coverage: 244
  New 'line' coverage: 245
  New 'line' coverage: 248
  New 'line' coverage: 249
  New 'line' coverage: 250
  New 'line' coverage: 255
  New 'line' coverage: 257
  New 'line' coverage: 258
  New 'line' coverage: 259
  New 'line' coverage: 260
  New 'line' coverage: 262
  New 'line' coverage: 264
  New 'line' coverage: 265
  New 'line' coverage: 266
  New 'line' coverage: 267
  New 'line' coverage: 268
  New 'line' coverage: 269
  New 'line' coverage: 270
  New 'line' coverage: 271
  New 'line' coverage: 276
  New 'line' coverage: 277
  New 'line' coverage: 280
  New 'line' coverage: 281
  New 'line' coverage: 282
  New 'line' coverage: 283
  New 'line' coverage: 287
  New 'line' coverage: 288
  New 'line' coverage: 289
  New 'line' coverage: 290
  New 'line' coverage: 294
  New 'line' coverage: 295
  New 'line' coverage: 296
  New 'line' coverage: 297
  New 'line' coverage: 300
  New 'line' coverage: 302
  New 'line' coverage: 303
  New 'line' coverage: 308
  New 'line' coverage: 310
  New 'line' coverage: 311
  New 'line' coverage: 313
  New 'line' coverage: 315
  New 'line' coverage: 317
  New 'line' coverage: 318
  New 'line' coverage: 319
  New 'line' coverage: 326
  New 'line' coverage: 328
  New 'line' coverage: 329
  New 'line' coverage: 330
  New 'line' coverage: 725
  New 'line' coverage: 727
  New 'line' coverage: 728
  New 'line' coverage: 729
  New 'line' coverage: 731
  New 'line' coverage: 732
  New 'line' coverage: 733
  New 'line' coverage: 735
  New 'line' coverage: 736
  New 'line' coverage: 745
  New 'line' coverage: 747
  New 'line' coverage: 748
  New 'line' coverage: 749
New src file: /home/maarten/Desktop/easycwmp_cov_copy/src/backup.c
  New 'function' coverage: backup_init()
  New 'line' coverage: 33
  New 'line' coverage: 48
  New 'line' coverage: 50
  New 'line' coverage: 53
New src file: /home/maarten/Desktop/easycwmp_cov_copy/src/external.c
  New 'function' coverage: external_init()
  New 'function' coverage: external_read_pipe()
  New 'line' coverage: 134
  New 'line' coverage: 136
  New 'line' coverage: 137
  New 'line' coverage: 138
  New 'line' coverage: 139
  New 'line' coverage: 140
  New 'line' coverage: 141
  New 'line' coverage: 142
  New 'line' coverage: 143
  New 'line' coverage: 144
  New 'line' coverage: 145
  New 'line' coverage: 148
  New 'line' coverage: 149
  New 'line' coverage: 151
  New 'line' coverage: 153
  New 'line' coverage: 155
  New 'line' coverage: 156
  New 'line' coverage: 160
  New 'line' coverage: 161
  New 'line' coverage: 162
  New 'line' coverage: 186
  New 'line' coverage: 188
  New 'line' coverage: 189
  New 'line' coverage: 191
  New 'line' coverage: 193
  New 'line' coverage: 198
  New 'line' coverage: 200
  New 'line' coverage: 201
  New 'line' coverage: 202
  New 'line' coverage: 204
  New 'line' coverage: 205
  New 'line' coverage: 206
  New 'line' coverage: 208
  New 'line' coverage: 209
  New 'line' coverage: 210
  New 'line' coverage: 211
  New 'line' coverage: 212
  New 'line' coverage: 214
  New 'line' coverage: 215
  New 'line' coverage: 216
  New 'line' coverage: 220
  New 'line' coverage: 221
  New 'line' coverage: 223
  New 'line' coverage: 226
  New 'line' coverage: 227



++++++ BEGIN - first exec output for CMD: ./bin/easycwmpd rpc_methods_response /home/maarten/final_fuzzer_outputs/afl_output_rpc_methods_response_24h//fuzzer04/queue/id:000000,orig:add_object.xml
    2024-12-29 14:32:08 [easycwmp] NOTICE - external script init
    rpc_methods_response
    
    <?xml version="1.0" encoding="UTF-8"?><soap-env:Envelope xmlns:soap-enc="http://schemas.xmlsoap.org/soap/encoding/" xmlns:soap-env="http://schemas.xmlsoap.org/soap/envelope/" xmlns:xsd="http://www.w3.org/2001/XMLSchema" xmlns:xsi="http://www.w3.org/2001/XMLSchema-instance" xmlns:cwmp="urn:dslforum-org:cwmp-1-2"><soap-env:Header><cwmp:ID soap-env:mustUnderstand="1">1910ee272180001</cwmp:ID></soap-env:Header><soap-env:Body><cwmp:AddObject><ObjectName>InternetGatewayDevice.WANDevice.1.WANConnectionDevice.1.WANPPPConnection.1.PortMapping.</ObjectName><ParameterKey>3544041</ParameterKey></cwmp:AddObject></soap-env:Body></soap-env:Envelope>
    
    
    Inside mxml_load_data function
++++++ END

[+] AFL test case: id:000001,orig:delete_object.xml (1 / 71), cycle: 0
    lines......: 4.9% (187 of 3785 lines)
    functions..: 6.3% (11 of 175 functions)
[+] AFL test case: id:000002,orig:download.xml (2 / 71), cycle: 0
    lines......: 4.9% (187 of 3785 lines)
    functions..: 6.3% (11 of 175 functions)
[+] AFL test case: id:000003,orig:factory_reset.xml (3 / 71), cycle: 0
    lines......: 4.9% (187 of 3785 lines)
    functions..: 6.3% (11 of 175 functions)
[+] AFL test case: id:000004,orig:fault.xml (4 / 71), cycle: 0
    lines......: 5.3% (199 of 3785 lines)
    functions..: 6.9% (12 of 175 functions)

    Coverage diff id:000003,orig:factory_reset.xml id:000004,orig:fault.xml
diff id:000003,orig:factory_reset.xml -> id:000004,orig:fault.xml
Src file: /home/maarten/Desktop/easycwmp_cov_copy/src/xml.c
  New 'function' coverage: mxmlFindElementOpaque()
  New 'line' coverage: 102
  New 'line' coverage: 103
  New 'line' coverage: 737
  New 'line' coverage: 738
  New 'line' coverage: 742
  New 'line' coverage: 83
  New 'line' coverage: 88
  New 'line' coverage: 91
  New 'line' coverage: 93
  New 'line' coverage: 95
  New 'line' coverage: 96
  New 'line' coverage: 97

[+] AFL test case: id:000005,orig:get_parameter_attributes.xml (5 / 71), cycle: 0
    lines......: 5.3% (199 of 3785 lines)
    functions..: 6.9% (12 of 175 functions)
[+] AFL test case: id:000006,orig:get_parameter_names_1.xml (6 / 71), cycle: 0
    lines......: 5.3% (199 of 3785 lines)
    functions..: 6.9% (12 of 175 functions)
[+] AFL test case: id:000007,orig:get_parameter_names_2.xml (7 / 71), cycle: 0
    lines......: 5.3% (199 of 3785 lines)
    functions..: 6.9% (12 of 175 functions)
[+] AFL test case: id:000008,orig:get_parameter_values_1.xml (8 / 71), cycle: 0
    lines......: 5.3% (199 of 3785 lines)
    functions..: 6.9% (12 of 175 functions)
[+] AFL test case: id:000009,orig:get_parameter_values_2.xml (9 / 71), cycle: 0
    lines......: 5.3% (199 of 3785 lines)
    functions..: 6.9% (12 of 175 functions)
[+] AFL test case: id:000010,orig:get_rpc_methods.xml (10 / 71), cycle: 0
    lines......: 5.3% (199 of 3785 lines)
    functions..: 6.9% (12 of 175 functions)
[+] AFL test case: id:000011,orig:get_rpc_methods_response.xml (11 / 71), cycle: 0
    lines......: 5.3% (199 of 3785 lines)
    functions..: 6.9% (12 of 175 functions)
[+] AFL test case: id:000012,orig:inform_response.xml (12 / 71), cycle: 0
    lines......: 5.3% (199 of 3785 lines)
    functions..: 6.9% (12 of 175 functions)
[+] AFL test case: id:000013,orig:reboot.xml (13 / 71), cycle: 0
    lines......: 5.3% (199 of 3785 lines)
    functions..: 6.9% (12 of 175 functions)
[+] AFL test case: id:000014,orig:schedule_inform.xml (14 / 71), cycle: 0
    lines......: 5.3% (199 of 3785 lines)
    functions..: 6.9% (12 of 175 functions)
[+] AFL test case: id:000015,orig:set_parameter_attributes_1.xml (15 / 71), cycle: 0
    lines......: 5.3% (199 of 3785 lines)
    functions..: 6.9% (12 of 175 functions)
[+] AFL test case: id:000016,orig:set_parameter_attributes_2.xml (16 / 71), cycle: 0
    lines......: 5.3% (199 of 3785 lines)
    functions..: 6.9% (12 of 175 functions)
[+] AFL test case: id:000017,orig:set_parameter_values_1.xml (17 / 71), cycle: 0
    lines......: 5.3% (199 of 3785 lines)
    functions..: 6.9% (12 of 175 functions)
[+] AFL test case: id:000018,orig:set_parameter_values_2.xml (18 / 71), cycle: 0
    lines......: 5.3% (199 of 3785 lines)
    functions..: 6.9% (12 of 175 functions)
[+] AFL test case: id:000019,orig:set_parameter_values_3.xml (19 / 71), cycle: 0
    lines......: 5.3% (199 of 3785 lines)
    functions..: 6.9% (12 of 175 functions)
[+] AFL test case: id:000020,orig:transfer_complete_response.xml (20 / 71), cycle: 0
    lines......: 5.3% (199 of 3785 lines)
    functions..: 6.9% (12 of 175 functions)
[+] AFL test case: id:000021,orig:upload.xml (21 / 71), cycle: 0
    lines......: 5.3% (199 of 3785 lines)
    functions..: 6.9% (12 of 175 functions)
[+] AFL test case: id:000022,src:000004,op:tree,pos:0,+cov (22 / 71), cycle: 0
    lines......: 5.3% (202 of 3785 lines)
    functions..: 6.9% (12 of 175 functions)

    Coverage diff id:000021,orig:upload.xml id:000022,src:000004,op:tree,pos:0,+cov
diff id:000021,orig:upload.xml -> id:000022,src:000004,op:tree,pos:0,+cov
Src file: /home/maarten/Desktop/easycwmp_cov_copy/src/xml.c
  New 'line' coverage: 751
  New 'line' coverage: 752
  New 'line' coverage: 753

[+] AFL test case: id:000023,src:000004,op:tree,pos:0,+cov (23 / 71), cycle: 0
    lines......: 5.3% (202 of 3785 lines)
    functions..: 6.9% (12 of 175 functions)
[+] AFL test case: id:000024,src:000004,op:tree,pos:0,+cov (24 / 71), cycle: 0
    lines......: 5.3% (202 of 3785 lines)
    functions..: 6.9% (12 of 175 functions)
[+] AFL test case: id:000025,src:000004,op:tree,pos:0,+cov (25 / 71), cycle: 0
    lines......: 5.3% (202 of 3785 lines)
    functions..: 6.9% (12 of 175 functions)
[+] AFL test case: id:000026,src:000004,op:tree,pos:0,+cov (26 / 71), cycle: 0
    lines......: 5.3% (202 of 3785 lines)
    functions..: 6.9% (12 of 175 functions)
[+] AFL test case: id:000027,src:000004,op:tree,pos:0,+cov (27 / 71), cycle: 0
    lines......: 5.3% (202 of 3785 lines)
    functions..: 6.9% (12 of 175 functions)
[+] AFL test case: id:000028,src:000004,op:tree,pos:0,+cov (28 / 71), cycle: 0
    lines......: 5.3% (202 of 3785 lines)
    functions..: 6.9% (12 of 175 functions)
[+] AFL test case: id:000029,src:000004,op:tree,pos:0,+cov (29 / 71), cycle: 0
    lines......: 5.3% (202 of 3785 lines)
    functions..: 6.9% (12 of 175 functions)
[+] AFL test case: id:000030,sync:fuzzer02,src:000034,+cov (30 / 71), cycle: 0
    lines......: 5.3% (202 of 3785 lines)
    functions..: 6.9% (12 of 175 functions)
[+] AFL test case: id:000031,sync:fuzzer02,src:000033,+cov (31 / 71), cycle: 0
    lines......: 5.3% (202 of 3785 lines)
    functions..: 6.9% (12 of 175 functions)
[+] AFL test case: id:000032,sync:fuzzer02,src:000035,+cov (32 / 71), cycle: 0
    lines......: 5.3% (202 of 3785 lines)
    functions..: 6.9% (12 of 175 functions)
[+] AFL test case: id:000033,sync:fuzzer02,src:000031,+cov (33 / 71), cycle: 0
    lines......: 5.3% (202 of 3785 lines)
    functions..: 6.9% (12 of 175 functions)
[+] AFL test case: id:000034,sync:fuzzer02,src:000032,+cov (34 / 71), cycle: 0
    lines......: 5.3% (202 of 3785 lines)
    functions..: 6.9% (12 of 175 functions)
[+] AFL test case: id:000035,sync:fuzzer02,src:000036,+cov (35 / 71), cycle: 0
    lines......: 5.3% (202 of 3785 lines)
    functions..: 6.9% (12 of 175 functions)
[+] AFL test case: id:000036,sync:fuzzer02,src:000030,+cov (36 / 71), cycle: 0
    lines......: 5.3% (202 of 3785 lines)
    functions..: 6.9% (12 of 175 functions)
[+] AFL test case: id:000037,sync:fuzzer03,src:000031,+cov (37 / 71), cycle: 0
    lines......: 5.3% (202 of 3785 lines)
    functions..: 6.9% (12 of 175 functions)
[+] AFL test case: id:000038,sync:fuzzer02,src:000040,+cov (38 / 71), cycle: 0
    lines......: 5.3% (202 of 3785 lines)
    functions..: 6.9% (12 of 175 functions)
[+] AFL test case: id:000039,sync:fuzzer02,src:000041,+cov (39 / 71), cycle: 0
    lines......: 5.3% (202 of 3785 lines)
    functions..: 6.9% (12 of 175 functions)
[+] AFL test case: id:000040,sync:fuzzer02,src:000039,+cov (40 / 71), cycle: 0
    lines......: 5.3% (202 of 3785 lines)
    functions..: 6.9% (12 of 175 functions)
[+] AFL test case: id:000041,sync:fuzzer02,src:000038,+cov (41 / 71), cycle: 0
    lines......: 5.3% (202 of 3785 lines)
    functions..: 6.9% (12 of 175 functions)
[+] AFL test case: id:000042,sync:fuzzer02,src:000042,+cov (42 / 71), cycle: 0
    lines......: 5.3% (202 of 3785 lines)
    functions..: 6.9% (12 of 175 functions)
[+] AFL test case: id:000043,sync:fuzzer02,src:000045,+cov (43 / 71), cycle: 0
    lines......: 5.3% (202 of 3785 lines)
    functions..: 6.9% (12 of 175 functions)
[+] AFL test case: id:000044,sync:fuzzer02,src:000044,+cov (44 / 71), cycle: 0
    lines......: 5.3% (202 of 3785 lines)
    functions..: 6.9% (12 of 175 functions)
[+] AFL test case: id:000045,sync:fuzzer02,src:000043,+cov (45 / 71), cycle: 0
    lines......: 5.3% (202 of 3785 lines)
    functions..: 6.9% (12 of 175 functions)
[+] AFL test case: id:000046,sync:fuzzer03,src:000046,+cov (46 / 71), cycle: 0
    lines......: 5.3% (202 of 3785 lines)
    functions..: 6.9% (12 of 175 functions)
[+] AFL test case: id:000047,sync:fuzzer03,src:000045,+cov (47 / 71), cycle: 0
    lines......: 5.3% (202 of 3785 lines)
    functions..: 6.9% (12 of 175 functions)
[+] AFL test case: id:000048,sync:fuzzer03,src:000044,+cov (48 / 71), cycle: 0
    lines......: 5.3% (202 of 3785 lines)
    functions..: 6.9% (12 of 175 functions)
[+] AFL test case: id:000049,src:000032+000047,op:splice,rep:4,+cov (49 / 71), cycle: 0
    lines......: 5.3% (202 of 3785 lines)
    functions..: 6.9% (12 of 175 functions)
[+] AFL test case: id:000050,src:000042+000034,op:splice,rep:2,+cov (50 / 71), cycle: 0
    lines......: 5.3% (202 of 3785 lines)
    functions..: 6.9% (12 of 175 functions)
[+] AFL test case: id:000051,sync:fuzzer03,src:000048,+cov (51 / 71), cycle: 0
    lines......: 5.3% (202 of 3785 lines)
    functions..: 6.9% (12 of 175 functions)
[+] AFL test case: id:000052,src:000046,op:tree,rep:2,+cov (52 / 71), cycle: 0
    lines......: 5.3% (202 of 3785 lines)
    functions..: 6.9% (12 of 175 functions)
[+] AFL test case: id:000053,src:000046,op:tree,rep:2,+cov (53 / 71), cycle: 0
    lines......: 5.3% (202 of 3785 lines)
    functions..: 6.9% (12 of 175 functions)
[+] AFL test case: id:000054,src:000046,op:tree,rep:2,+cov (54 / 71), cycle: 0
    lines......: 5.3% (202 of 3785 lines)
    functions..: 6.9% (12 of 175 functions)
[+] AFL test case: id:000055,src:000046,op:tree,rep:2,+cov (55 / 71), cycle: 0
    lines......: 5.3% (202 of 3785 lines)
    functions..: 6.9% (12 of 175 functions)
[+] AFL test case: id:000056,src:000048,op:tree,rep:4,+cov (56 / 71), cycle: 0
    lines......: 5.3% (202 of 3785 lines)
    functions..: 6.9% (12 of 175 functions)
[+] AFL test case: id:000057,src:000048,op:tree,rep:4,+cov (57 / 71), cycle: 0
    lines......: 5.3% (202 of 3785 lines)
    functions..: 6.9% (12 of 175 functions)
[+] AFL test case: id:000058,src:000050,op:havoc,rep:2,+cov (58 / 71), cycle: 0
    lines......: 5.3% (202 of 3785 lines)
    functions..: 6.9% (12 of 175 functions)
[+] AFL test case: id:000059,src:000053,op:tree,rep:4,+cov (59 / 71), cycle: 0
    lines......: 5.3% (202 of 3785 lines)
    functions..: 6.9% (12 of 175 functions)
[+] AFL test case: id:000060,src:000053,op:tree,rep:4,+cov (60 / 71), cycle: 0
    lines......: 5.3% (202 of 3785 lines)
    functions..: 6.9% (12 of 175 functions)
[+] AFL test case: id:000061,sync:fuzzer03,src:000057,+cov (61 / 71), cycle: 0
    lines......: 5.3% (202 of 3785 lines)
    functions..: 6.9% (12 of 175 functions)
[+] AFL test case: id:000062,sync:fuzzer02,src:000063,+cov (62 / 71), cycle: 0
    lines......: 5.3% (202 of 3785 lines)
    functions..: 6.9% (12 of 175 functions)
[+] AFL test case: id:000063,sync:fuzzer02,src:000062,+cov (63 / 71), cycle: 0
    lines......: 5.3% (202 of 3785 lines)
    functions..: 6.9% (12 of 175 functions)
[+] AFL test case: id:000064,sync:fuzzer02,src:000064,+cov (64 / 71), cycle: 0
    lines......: 5.3% (202 of 3785 lines)
    functions..: 6.9% (12 of 175 functions)
[+] AFL test case: id:000065,sync:fuzzer02,src:000065,+cov (65 / 71), cycle: 0
    lines......: 5.3% (202 of 3785 lines)
    functions..: 6.9% (12 of 175 functions)
[+] AFL test case: id:000066,sync:fuzzer01,src:000059,+cov (66 / 71), cycle: 0
    lines......: 5.3% (202 of 3785 lines)
    functions..: 6.9% (12 of 175 functions)
[+] AFL test case: id:000067,sync:fuzzer03,src:000065,+cov (67 / 71), cycle: 0
    lines......: 5.3% (202 of 3785 lines)
    functions..: 6.9% (12 of 175 functions)
[+] AFL test case: id:000068,src:000067+000065,op:splice,rep:2,+cov (68 / 71), cycle: 0
    lines......: 5.3% (202 of 3785 lines)
    functions..: 6.9% (12 of 175 functions)
[+] AFL test case: id:000069,src:000055+000068,op:splice,rep:2,+cov (69 / 71), cycle: 0
    lines......: 5.3% (202 of 3785 lines)
    functions..: 6.9% (12 of 175 functions)
[+] AFL test case: id:000070,src:000050+000000,op:splice,rep:2,+cov (70 / 71), cycle: 0
    lines......: 5.3% (202 of 3785 lines)
    functions..: 6.9% (12 of 175 functions)

*** Imported 71 new test cases from: /home/maarten/final_fuzzer_outputs/afl_output_rpc_methods_response_24h//fuzzer02/queue

[+] AFL test case: id:000000,orig:add_object.xml (0 / 142), cycle: 0
    lines......: 5.3% (202 of 3785 lines)
    functions..: 6.9% (12 of 175 functions)
[+] AFL test case: id:000001,orig:delete_object.xml (1 / 142), cycle: 0
    lines......: 5.3% (202 of 3785 lines)
    functions..: 6.9% (12 of 175 functions)
[+] AFL test case: id:000002,orig:download.xml (2 / 142), cycle: 0
    lines......: 5.3% (202 of 3785 lines)
    functions..: 6.9% (12 of 175 functions)
[+] AFL test case: id:000003,orig:factory_reset.xml (3 / 142), cycle: 0
    lines......: 5.3% (202 of 3785 lines)
    functions..: 6.9% (12 of 175 functions)
[+] AFL test case: id:000004,orig:fault.xml (4 / 142), cycle: 0
    lines......: 5.3% (202 of 3785 lines)
    functions..: 6.9% (12 of 175 functions)
[+] AFL test case: id:000005,orig:get_parameter_attributes.xml (5 / 142), cycle: 0
    lines......: 5.3% (202 of 3785 lines)
    functions..: 6.9% (12 of 175 functions)
[+] AFL test case: id:000006,orig:get_parameter_names_1.xml (6 / 142), cycle: 0
    lines......: 5.3% (202 of 3785 lines)
    functions..: 6.9% (12 of 175 functions)
[+] AFL test case: id:000007,orig:get_parameter_names_2.xml (7 / 142), cycle: 0
    lines......: 5.3% (202 of 3785 lines)
    functions..: 6.9% (12 of 175 functions)
[+] AFL test case: id:000008,orig:get_parameter_values_1.xml (8 / 142), cycle: 0
    lines......: 5.3% (202 of 3785 lines)
    functions..: 6.9% (12 of 175 functions)
[+] AFL test case: id:000009,orig:get_parameter_values_2.xml (9 / 142), cycle: 0
    lines......: 5.3% (202 of 3785 lines)
    functions..: 6.9% (12 of 175 functions)
[+] AFL test case: id:000010,orig:get_rpc_methods.xml (10 / 142), cycle: 0
    lines......: 5.3% (202 of 3785 lines)
    functions..: 6.9% (12 of 175 functions)
[+] AFL test case: id:000011,orig:get_rpc_methods_response.xml (11 / 142), cycle: 0
    lines......: 5.3% (202 of 3785 lines)
    functions..: 6.9% (12 of 175 functions)
[+] AFL test case: id:000012,orig:inform_response.xml (12 / 142), cycle: 0
    lines......: 5.3% (202 of 3785 lines)
    functions..: 6.9% (12 of 175 functions)
[+] AFL test case: id:000013,orig:reboot.xml (13 / 142), cycle: 0
    lines......: 5.3% (202 of 3785 lines)
    functions..: 6.9% (12 of 175 functions)
[+] AFL test case: id:000014,orig:schedule_inform.xml (14 / 142), cycle: 0
    lines......: 5.3% (202 of 3785 lines)
    functions..: 6.9% (12 of 175 functions)
[+] AFL test case: id:000015,orig:set_parameter_attributes_1.xml (15 / 142), cycle: 0
    lines......: 5.3% (202 of 3785 lines)
    functions..: 6.9% (12 of 175 functions)
[+] AFL test case: id:000016,orig:set_parameter_attributes_2.xml (16 / 142), cycle: 0
    lines......: 5.3% (202 of 3785 lines)
    functions..: 6.9% (12 of 175 functions)
[+] AFL test case: id:000017,orig:set_parameter_values_1.xml (17 / 142), cycle: 0
    lines......: 5.3% (202 of 3785 lines)
    functions..: 6.9% (12 of 175 functions)
[+] AFL test case: id:000018,orig:set_parameter_values_2.xml (18 / 142), cycle: 0
    lines......: 5.3% (202 of 3785 lines)
    functions..: 6.9% (12 of 175 functions)
[+] AFL test case: id:000019,orig:set_parameter_values_3.xml (19 / 142), cycle: 0
    lines......: 5.3% (202 of 3785 lines)
    functions..: 6.9% (12 of 175 functions)
[+] AFL test case: id:000020,orig:transfer_complete_response.xml (20 / 142), cycle: 0
    lines......: 5.3% (202 of 3785 lines)
    functions..: 6.9% (12 of 175 functions)
[+] AFL test case: id:000021,orig:upload.xml (21 / 142), cycle: 0
    lines......: 5.3% (202 of 3785 lines)
    functions..: 6.9% (12 of 175 functions)
[+] AFL test case: id:000022,src:000003,op:tree,pos:0,+cov (22 / 142), cycle: 0
    lines......: 5.3% (202 of 3785 lines)
    functions..: 6.9% (12 of 175 functions)
[+] AFL test case: id:000023,src:000003,op:tree,pos:0,+cov (23 / 142), cycle: 0
    lines......: 5.3% (202 of 3785 lines)
    functions..: 6.9% (12 of 175 functions)
[+] AFL test case: id:000024,src:000003,op:tree,pos:0,+cov (24 / 142), cycle: 0
    lines......: 5.3% (202 of 3785 lines)
    functions..: 6.9% (12 of 175 functions)
[+] AFL test case: id:000025,src:000003,op:tree,pos:0,+cov (25 / 142), cycle: 0
    lines......: 5.3% (202 of 3785 lines)
    functions..: 6.9% (12 of 175 functions)
[+] AFL test case: id:000026,src:000003,op:tree,pos:0,+cov (26 / 142), cycle: 0
    lines......: 5.3% (202 of 3785 lines)
    functions..: 6.9% (12 of 175 functions)
[+] AFL test case: id:000027,src:000003,op:tree,pos:0,+cov (27 / 142), cycle: 0
    lines......: 5.3% (202 of 3785 lines)
    functions..: 6.9% (12 of 175 functions)
[+] AFL test case: id:000028,src:000003,op:tree,pos:0,+cov (28 / 142), cycle: 0
    lines......: 5.3% (202 of 3785 lines)
    functions..: 6.9% (12 of 175 functions)
[+] AFL test case: id:000029,src:000003,op:tree,pos:0,+cov (29 / 142), cycle: 0
    lines......: 5.3% (202 of 3785 lines)
    functions..: 6.9% (12 of 175 functions)
[+] AFL test case: id:000030,src:000003,op:havoc,rep:4,+cov (30 / 142), cycle: 0
    lines......: 5.3% (202 of 3785 lines)
    functions..: 6.9% (12 of 175 functions)
[+] AFL test case: id:000031,src:000003,op:havoc,rep:2,+cov (31 / 142), cycle: 0
    lines......: 5.3% (202 of 3785 lines)
    functions..: 6.9% (12 of 175 functions)
[+] AFL test case: id:000032,src:000003,op:havoc,rep:4,+cov (32 / 142), cycle: 0
    lines......: 5.3% (202 of 3785 lines)
    functions..: 6.9% (12 of 175 functions)
[+] AFL test case: id:000033,src:000003,op:havoc,rep:4,+cov (33 / 142), cycle: 0
    lines......: 5.3% (202 of 3785 lines)
    functions..: 6.9% (12 of 175 functions)
[+] AFL test case: id:000034,src:000003,op:havoc,rep:2,+cov (34 / 142), cycle: 0
    lines......: 5.3% (202 of 3785 lines)
    functions..: 6.9% (12 of 175 functions)
[+] AFL test case: id:000035,src:000003,op:havoc,rep:2,+cov (35 / 142), cycle: 0
    lines......: 5.3% (202 of 3785 lines)
    functions..: 6.9% (12 of 175 functions)
[+] AFL test case: id:000036,src:000003,op:havoc,rep:2,+cov (36 / 142), cycle: 0
    lines......: 5.3% (202 of 3785 lines)
    functions..: 6.9% (12 of 175 functions)
[+] AFL test case: id:000037,sync:fuzzer01,src:000032,+cov (37 / 142), cycle: 0
    lines......: 5.3% (202 of 3785 lines)
    functions..: 6.9% (12 of 175 functions)
[+] AFL test case: id:000038,src:000020,op:havoc,rep:4,+cov (38 / 142), cycle: 0
    lines......: 5.3% (202 of 3785 lines)
    functions..: 6.9% (12 of 175 functions)
[+] AFL test case: id:000039,src:000020+000038,op:splice,rep:2,+cov (39 / 142), cycle: 0
    lines......: 5.3% (202 of 3785 lines)
    functions..: 6.9% (12 of 175 functions)
[+] AFL test case: id:000040,src:000020+000038,op:splice,rep:2,+cov (40 / 142), cycle: 0
    lines......: 5.3% (202 of 3785 lines)
    functions..: 6.9% (12 of 175 functions)
[+] AFL test case: id:000041,src:000020+000038,op:splice,rep:4,+cov (41 / 142), cycle: 0
    lines......: 5.3% (202 of 3785 lines)
    functions..: 6.9% (12 of 175 functions)
[+] AFL test case: id:000042,src:000020+000038,op:splice,rep:4,+cov (42 / 142), cycle: 0
    lines......: 5.3% (202 of 3785 lines)
    functions..: 6.9% (12 of 175 functions)
[+] AFL test case: id:000043,src:000020+000038,op:splice,rep:2,+cov (43 / 142), cycle: 0
    lines......: 5.3% (202 of 3785 lines)
    functions..: 6.9% (12 of 175 functions)
[+] AFL test case: id:000044,src:000020+000038,op:splice,rep:4,+cov (44 / 142), cycle: 0
    lines......: 5.3% (202 of 3785 lines)
    functions..: 6.9% (12 of 175 functions)
[+] AFL test case: id:000045,src:000020+000038,op:splice,rep:8,+cov (45 / 142), cycle: 0
    lines......: 5.3% (202 of 3785 lines)
    functions..: 6.9% (12 of 175 functions)
[+] AFL test case: id:000046,sync:fuzzer03,src:000046,+cov (46 / 142), cycle: 0
    lines......: 5.3% (202 of 3785 lines)
    functions..: 6.9% (12 of 175 functions)
[+] AFL test case: id:000047,sync:fuzzer03,src:000045,+cov (47 / 142), cycle: 0
    lines......: 5.3% (202 of 3785 lines)
    functions..: 6.9% (12 of 175 functions)
[+] AFL test case: id:000048,sync:fuzzer03,src:000044,+cov (48 / 142), cycle: 0
    lines......: 5.3% (202 of 3785 lines)
    functions..: 6.9% (12 of 175 functions)
[+] AFL test case: id:000049,sync:fuzzer04,src:000049,+cov (49 / 142), cycle: 0
    lines......: 5.3% (202 of 3785 lines)
    functions..: 6.9% (12 of 175 functions)
[+] AFL test case: id:000050,sync:fuzzer03,src:000048,+cov (50 / 142), cycle: 0
    lines......: 5.3% (202 of 3785 lines)
    functions..: 6.9% (12 of 175 functions)
[+] AFL test case: id:000051,sync:fuzzer04,src:000050,+cov (51 / 142), cycle: 0
    lines......: 5.3% (202 of 3785 lines)
    functions..: 6.9% (12 of 175 functions)
[+] AFL test case: id:000052,sync:fuzzer03,src:000049,+cov (52 / 142), cycle: 0
    lines......: 5.3% (202 of 3785 lines)
    functions..: 6.9% (12 of 175 functions)
[+] AFL test case: id:000053,sync:fuzzer03,src:000052,+cov (53 / 142), cycle: 0
    lines......: 5.3% (202 of 3785 lines)
    functions..: 6.9% (12 of 175 functions)
[+] AFL test case: id:000054,sync:fuzzer03,src:000050,+cov (54 / 142), cycle: 0
    lines......: 5.3% (202 of 3785 lines)
    functions..: 6.9% (12 of 175 functions)
[+] AFL test case: id:000055,sync:fuzzer03,src:000051,+cov (55 / 142), cycle: 0
    lines......: 5.3% (202 of 3785 lines)
    functions..: 6.9% (12 of 175 functions)
[+] AFL test case: id:000056,sync:fuzzer04,src:000055,+cov (56 / 142), cycle: 0
    lines......: 5.3% (202 of 3785 lines)
    functions..: 6.9% (12 of 175 functions)
[+] AFL test case: id:000057,sync:fuzzer04,src:000053,+cov (57 / 142), cycle: 0
    lines......: 5.3% (202 of 3785 lines)
    functions..: 6.9% (12 of 175 functions)
[+] AFL test case: id:000058,src:000051,op:havoc,rep:2,+cov (58 / 142), cycle: 0
    lines......: 5.3% (202 of 3785 lines)
    functions..: 6.9% (12 of 175 functions)
[+] AFL test case: id:000059,sync:fuzzer03,src:000057,+cov (59 / 142), cycle: 0
    lines......: 5.3% (202 of 3785 lines)
    functions..: 6.9% (12 of 175 functions)
[+] AFL test case: id:000060,sync:fuzzer04,src:000059,+cov (60 / 142), cycle: 0
    lines......: 5.3% (202 of 3785 lines)
    functions..: 6.9% (12 of 175 functions)
[+] AFL test case: id:000061,sync:fuzzer04,src:000060,+cov (61 / 142), cycle: 0
    lines......: 5.3% (202 of 3785 lines)
    functions..: 6.9% (12 of 175 functions)
[+] AFL test case: id:000062,src:000059,op:tree,rep:128,+cov (62 / 142), cycle: 0
    lines......: 5.3% (202 of 3785 lines)
    functions..: 6.9% (12 of 175 functions)
[+] AFL test case: id:000063,src:000059,op:tree,rep:128,+cov (63 / 142), cycle: 0
    lines......: 5.3% (202 of 3785 lines)
    functions..: 6.9% (12 of 175 functions)
[+] AFL test case: id:000064,src:000033,op:tree,rep:2,+cov (64 / 142), cycle: 0
    lines......: 5.3% (202 of 3785 lines)
    functions..: 6.9% (12 of 175 functions)
[+] AFL test case: id:000065,src:000061+000015,op:splice,rep:2,+cov (65 / 142), cycle: 0
    lines......: 5.3% (202 of 3785 lines)
    functions..: 6.9% (12 of 175 functions)
[+] AFL test case: id:000066,sync:fuzzer01,src:000059,+cov (66 / 142), cycle: 0
    lines......: 5.3% (202 of 3785 lines)
    functions..: 6.9% (12 of 175 functions)
[+] AFL test case: id:000067,sync:fuzzer03,src:000065,+cov (67 / 142), cycle: 0
    lines......: 5.3% (202 of 3785 lines)
    functions..: 6.9% (12 of 175 functions)
[+] AFL test case: id:000068,sync:fuzzer04,src:000068,+cov (68 / 142), cycle: 0
    lines......: 5.3% (202 of 3785 lines)
    functions..: 6.9% (12 of 175 functions)
[+] AFL test case: id:000069,sync:fuzzer04,src:000069,+cov (69 / 142), cycle: 0
    lines......: 5.3% (202 of 3785 lines)
    functions..: 6.9% (12 of 175 functions)
[+] AFL test case: id:000070,sync:fuzzer04,src:000070,+cov (70 / 142), cycle: 0
    lines......: 5.3% (202 of 3785 lines)
    functions..: 6.9% (12 of 175 functions)

*** Imported 69 new test cases from: /home/maarten/final_fuzzer_outputs/afl_output_rpc_methods_response_24h//fuzzer03/queue

[+] AFL test case: id:000000,orig:add_object.xml (0 / 211), cycle: 0
    lines......: 5.3% (202 of 3785 lines)
    functions..: 6.9% (12 of 175 functions)
[+] AFL test case: id:000001,orig:delete_object.xml (1 / 211), cycle: 0
    lines......: 5.3% (202 of 3785 lines)
    functions..: 6.9% (12 of 175 functions)
[+] AFL test case: id:000002,orig:download.xml (2 / 211), cycle: 0
    lines......: 5.3% (202 of 3785 lines)
    functions..: 6.9% (12 of 175 functions)
[+] AFL test case: id:000003,orig:factory_reset.xml (3 / 211), cycle: 0
    lines......: 5.3% (202 of 3785 lines)
    functions..: 6.9% (12 of 175 functions)
[+] AFL test case: id:000004,orig:fault.xml (4 / 211), cycle: 0
    lines......: 5.3% (202 of 3785 lines)
    functions..: 6.9% (12 of 175 functions)
[+] AFL test case: id:000005,orig:get_parameter_attributes.xml (5 / 211), cycle: 0
    lines......: 5.3% (202 of 3785 lines)
    functions..: 6.9% (12 of 175 functions)
[+] AFL test case: id:000006,orig:get_parameter_names_1.xml (6 / 211), cycle: 0
    lines......: 5.3% (202 of 3785 lines)
    functions..: 6.9% (12 of 175 functions)
[+] AFL test case: id:000007,orig:get_parameter_names_2.xml (7 / 211), cycle: 0
    lines......: 5.3% (202 of 3785 lines)
    functions..: 6.9% (12 of 175 functions)
[+] AFL test case: id:000008,orig:get_parameter_values_1.xml (8 / 211), cycle: 0
    lines......: 5.3% (202 of 3785 lines)
    functions..: 6.9% (12 of 175 functions)
[+] AFL test case: id:000009,orig:get_parameter_values_2.xml (9 / 211), cycle: 0
    lines......: 5.3% (202 of 3785 lines)
    functions..: 6.9% (12 of 175 functions)
[+] AFL test case: id:000010,orig:get_rpc_methods.xml (10 / 211), cycle: 0
    lines......: 5.3% (202 of 3785 lines)
    functions..: 6.9% (12 of 175 functions)
[+] AFL test case: id:000011,orig:get_rpc_methods_response.xml (11 / 211), cycle: 0
    lines......: 5.3% (202 of 3785 lines)
    functions..: 6.9% (12 of 175 functions)
[+] AFL test case: id:000012,orig:inform_response.xml (12 / 211), cycle: 0
    lines......: 5.3% (202 of 3785 lines)
    functions..: 6.9% (12 of 175 functions)
[+] AFL test case: id:000013,orig:reboot.xml (13 / 211), cycle: 0
    lines......: 5.3% (202 of 3785 lines)
    functions..: 6.9% (12 of 175 functions)
[+] AFL test case: id:000014,orig:schedule_inform.xml (14 / 211), cycle: 0
    lines......: 5.3% (202 of 3785 lines)
    functions..: 6.9% (12 of 175 functions)
[+] AFL test case: id:000015,orig:set_parameter_attributes_1.xml (15 / 211), cycle: 0
    lines......: 5.3% (202 of 3785 lines)
    functions..: 6.9% (12 of 175 functions)
[+] AFL test case: id:000016,orig:set_parameter_attributes_2.xml (16 / 211), cycle: 0
    lines......: 5.3% (202 of 3785 lines)
    functions..: 6.9% (12 of 175 functions)
[+] AFL test case: id:000017,orig:set_parameter_values_1.xml (17 / 211), cycle: 0
    lines......: 5.3% (202 of 3785 lines)
    functions..: 6.9% (12 of 175 functions)
[+] AFL test case: id:000018,orig:set_parameter_values_2.xml (18 / 211), cycle: 0
    lines......: 5.3% (202 of 3785 lines)
    functions..: 6.9% (12 of 175 functions)
[+] AFL test case: id:000019,orig:set_parameter_values_3.xml (19 / 211), cycle: 0
    lines......: 5.3% (202 of 3785 lines)
    functions..: 6.9% (12 of 175 functions)
[+] AFL test case: id:000020,orig:transfer_complete_response.xml (20 / 211), cycle: 0
    lines......: 5.3% (202 of 3785 lines)
    functions..: 6.9% (12 of 175 functions)
[+] AFL test case: id:000021,orig:upload.xml (21 / 211), cycle: 0
    lines......: 5.3% (202 of 3785 lines)
    functions..: 6.9% (12 of 175 functions)
[+] AFL test case: id:000022,src:000003,op:tree,pos:0,+cov (22 / 211), cycle: 0
    lines......: 5.3% (202 of 3785 lines)
    functions..: 6.9% (12 of 175 functions)
[+] AFL test case: id:000023,src:000003,op:tree,pos:0,+cov (23 / 211), cycle: 0
    lines......: 5.3% (202 of 3785 lines)
    functions..: 6.9% (12 of 175 functions)
[+] AFL test case: id:000024,src:000003,op:tree,pos:0,+cov (24 / 211), cycle: 0
    lines......: 5.3% (202 of 3785 lines)
    functions..: 6.9% (12 of 175 functions)
[+] AFL test case: id:000025,src:000003,op:tree,pos:0,+cov (25 / 211), cycle: 0
    lines......: 5.3% (202 of 3785 lines)
    functions..: 6.9% (12 of 175 functions)
[+] AFL test case: id:000026,src:000003,op:tree,pos:0,+cov (26 / 211), cycle: 0
    lines......: 5.3% (202 of 3785 lines)
    functions..: 6.9% (12 of 175 functions)
[+] AFL test case: id:000027,src:000003,op:tree,pos:0,+cov (27 / 211), cycle: 0
    lines......: 5.3% (202 of 3785 lines)
    functions..: 6.9% (12 of 175 functions)
[+] AFL test case: id:000028,src:000003,op:tree,pos:0,+cov (28 / 211), cycle: 0
    lines......: 5.3% (202 of 3785 lines)
    functions..: 6.9% (12 of 175 functions)
[+] AFL test case: id:000029,src:000003,op:tree,pos:0,+cov (29 / 211), cycle: 0
    lines......: 5.3% (202 of 3785 lines)
    functions..: 6.9% (12 of 175 functions)
[+] AFL test case: id:000030,src:000003,op:havoc,rep:2,+cov (30 / 211), cycle: 0
    lines......: 5.3% (202 of 3785 lines)
    functions..: 6.9% (12 of 175 functions)
[+] AFL test case: id:000031,src:000003+000016,op:splice,rep:2,+cov (31 / 211), cycle: 0
    lines......: 5.3% (202 of 3785 lines)
    functions..: 6.9% (12 of 175 functions)
[+] AFL test case: id:000032,src:000003+000025,op:splice,rep:2,+cov (32 / 211), cycle: 0
    lines......: 5.3% (202 of 3785 lines)
    functions..: 6.9% (12 of 175 functions)
[+] AFL test case: id:000033,sync:fuzzer02,src:000035,+cov (33 / 211), cycle: 0
    lines......: 5.3% (202 of 3785 lines)
    functions..: 6.9% (12 of 175 functions)
[+] AFL test case: id:000034,sync:fuzzer02,src:000031,+cov (34 / 211), cycle: 0
    lines......: 5.3% (202 of 3785 lines)
    functions..: 6.9% (12 of 175 functions)
[+] AFL test case: id:000035,sync:fuzzer02,src:000032,+cov (35 / 211), cycle: 0
    lines......: 5.3% (202 of 3785 lines)
    functions..: 6.9% (12 of 175 functions)
[+] AFL test case: id:000036,sync:fuzzer02,src:000036,+cov (36 / 211), cycle: 0
    lines......: 5.3% (202 of 3785 lines)
    functions..: 6.9% (12 of 175 functions)
[+] AFL test case: id:000037,sync:fuzzer02,src:000040,+cov (37 / 211), cycle: 0
    lines......: 5.3% (202 of 3785 lines)
    functions..: 6.9% (12 of 175 functions)
[+] AFL test case: id:000038,sync:fuzzer02,src:000045,+cov (38 / 211), cycle: 0
    lines......: 5.3% (202 of 3785 lines)
    functions..: 6.9% (12 of 175 functions)
[+] AFL test case: id:000039,sync:fuzzer02,src:000041,+cov (39 / 211), cycle: 0
    lines......: 5.3% (202 of 3785 lines)
    functions..: 6.9% (12 of 175 functions)
[+] AFL test case: id:000040,sync:fuzzer02,src:000044,+cov (40 / 211), cycle: 0
    lines......: 5.3% (202 of 3785 lines)
    functions..: 6.9% (12 of 175 functions)
[+] AFL test case: id:000041,sync:fuzzer02,src:000043,+cov (41 / 211), cycle: 0
    lines......: 5.3% (202 of 3785 lines)
    functions..: 6.9% (12 of 175 functions)
[+] AFL test case: id:000042,sync:fuzzer02,src:000038,+cov (42 / 211), cycle: 0
    lines......: 5.3% (202 of 3785 lines)
    functions..: 6.9% (12 of 175 functions)
[+] AFL test case: id:000043,sync:fuzzer02,src:000042,+cov (43 / 211), cycle: 0
    lines......: 5.3% (202 of 3785 lines)
    functions..: 6.9% (12 of 175 functions)
[+] AFL test case: id:000044,src:000031,op:tree,rep:4,+cov (44 / 211), cycle: 0
    lines......: 5.3% (202 of 3785 lines)
    functions..: 6.9% (12 of 175 functions)
[+] AFL test case: id:000045,src:000031,op:tree,rep:4,+cov (45 / 211), cycle: 0
    lines......: 5.3% (202 of 3785 lines)
    functions..: 6.9% (12 of 175 functions)
[+] AFL test case: id:000046,src:000031,op:tree,rep:4,+cov (46 / 211), cycle: 0
    lines......: 5.3% (202 of 3785 lines)
    functions..: 6.9% (12 of 175 functions)
[+] AFL test case: id:000047,sync:fuzzer02,src:000049,+cov (47 / 211), cycle: 0
    lines......: 5.3% (202 of 3785 lines)
    functions..: 6.9% (12 of 175 functions)
[+] AFL test case: id:000048,src:000038+000026,op:splice,rep:4,+cov (48 / 211), cycle: 0
    lines......: 5.3% (202 of 3785 lines)
    functions..: 6.9% (12 of 175 functions)
[+] AFL test case: id:000049,src:000044,op:tree,rep:4,+cov (49 / 211), cycle: 0
    lines......: 5.3% (202 of 3785 lines)
    functions..: 6.9% (12 of 175 functions)
[+] AFL test case: id:000050,src:000044,op:tree,rep:4,+cov (50 / 211), cycle: 0
    lines......: 5.3% (202 of 3785 lines)
    functions..: 6.9% (12 of 175 functions)
[+] AFL test case: id:000051,src:000044,op:tree,rep:4,+cov (51 / 211), cycle: 0
    lines......: 5.3% (202 of 3785 lines)
    functions..: 6.9% (12 of 175 functions)
[+] AFL test case: id:000052,src:000044,op:tree,rep:4,+cov (52 / 211), cycle: 0
    lines......: 5.3% (202 of 3785 lines)
    functions..: 6.9% (12 of 175 functions)
[+] AFL test case: id:000053,sync:fuzzer02,src:000051,+cov (53 / 211), cycle: 0
    lines......: 5.3% (202 of 3785 lines)
    functions..: 6.9% (12 of 175 functions)
[+] AFL test case: id:000054,src:000049,op:tree,rep:4,+cov (54 / 211), cycle: 0
    lines......: 5.3% (202 of 3785 lines)
    functions..: 6.9% (12 of 175 functions)
[+] AFL test case: id:000055,sync:fuzzer02,src:000058,+cov (55 / 211), cycle: 0
    lines......: 5.3% (202 of 3785 lines)
    functions..: 6.9% (12 of 175 functions)
[+] AFL test case: id:000056,sync:fuzzer02,src:000057,+cov (56 / 211), cycle: 0
    lines......: 5.3% (202 of 3785 lines)
    functions..: 6.9% (12 of 175 functions)
[+] AFL test case: id:000057,src:000050,op:tree,rep:64,+cov (57 / 211), cycle: 0
    lines......: 5.3% (202 of 3785 lines)
    functions..: 6.9% (12 of 175 functions)
[+] AFL test case: id:000058,sync:fuzzer02,src:000060,+cov (58 / 211), cycle: 0
    lines......: 5.3% (202 of 3785 lines)
    functions..: 6.9% (12 of 175 functions)
[+] AFL test case: id:000059,sync:fuzzer02,src:000061,+cov (59 / 211), cycle: 0
    lines......: 5.3% (202 of 3785 lines)
    functions..: 6.9% (12 of 175 functions)
[+] AFL test case: id:000060,sync:fuzzer02,src:000063,+cov (60 / 211), cycle: 0
    lines......: 5.3% (202 of 3785 lines)
    functions..: 6.9% (12 of 175 functions)
[+] AFL test case: id:000061,sync:fuzzer02,src:000062,+cov (61 / 211), cycle: 0
    lines......: 5.3% (202 of 3785 lines)
    functions..: 6.9% (12 of 175 functions)
[+] AFL test case: id:000062,sync:fuzzer02,src:000064,+cov (62 / 211), cycle: 0
    lines......: 5.3% (202 of 3785 lines)
    functions..: 6.9% (12 of 175 functions)
[+] AFL test case: id:000063,sync:fuzzer02,src:000065,+cov (63 / 211), cycle: 0
    lines......: 5.3% (202 of 3785 lines)
    functions..: 6.9% (12 of 175 functions)
[+] AFL test case: id:000064,sync:fuzzer02,src:000066,+cov (64 / 211), cycle: 0
    lines......: 5.3% (202 of 3785 lines)
    functions..: 6.9% (12 of 175 functions)
[+] AFL test case: id:000065,src:000045+000059,op:splice,rep:2,+cov (65 / 211), cycle: 0
    lines......: 5.3% (202 of 3785 lines)
    functions..: 6.9% (12 of 175 functions)
[+] AFL test case: id:000066,sync:fuzzer02,src:000068,+cov (66 / 211), cycle: 0
    lines......: 5.3% (202 of 3785 lines)
    functions..: 6.9% (12 of 175 functions)
[+] AFL test case: id:000067,sync:fuzzer02,src:000069,+cov (67 / 211), cycle: 0
    lines......: 5.3% (202 of 3785 lines)
    functions..: 6.9% (12 of 175 functions)
[+] AFL test case: id:000068,sync:fuzzer02,src:000070,+cov (68 / 211), cycle: 0
    lines......: 5.3% (202 of 3785 lines)
    functions..: 6.9% (12 of 175 functions)

*** Imported 66 new test cases from: /home/maarten/final_fuzzer_outputs/afl_output_rpc_methods_response_24h//fuzzer01/queue

[+] AFL test case: id:000000,orig:add_object.xml (0 / 277), cycle: 0
    lines......: 5.3% (202 of 3785 lines)
    functions..: 6.9% (12 of 175 functions)
[+] AFL test case: id:000001,orig:delete_object.xml (1 / 277), cycle: 0
    lines......: 5.3% (202 of 3785 lines)
    functions..: 6.9% (12 of 175 functions)
[+] AFL test case: id:000002,orig:download.xml (2 / 277), cycle: 0
    lines......: 5.3% (202 of 3785 lines)
    functions..: 6.9% (12 of 175 functions)
[+] AFL test case: id:000003,orig:factory_reset.xml (3 / 277), cycle: 0
    lines......: 5.3% (202 of 3785 lines)
    functions..: 6.9% (12 of 175 functions)
[+] AFL test case: id:000004,orig:fault.xml (4 / 277), cycle: 0
    lines......: 5.3% (202 of 3785 lines)
    functions..: 6.9% (12 of 175 functions)
[+] AFL test case: id:000005,orig:get_parameter_attributes.xml (5 / 277), cycle: 0
    lines......: 5.3% (202 of 3785 lines)
    functions..: 6.9% (12 of 175 functions)
[+] AFL test case: id:000006,orig:get_parameter_names_1.xml (6 / 277), cycle: 0
    lines......: 5.3% (202 of 3785 lines)
    functions..: 6.9% (12 of 175 functions)
[+] AFL test case: id:000007,orig:get_parameter_names_2.xml (7 / 277), cycle: 0
    lines......: 5.3% (202 of 3785 lines)
    functions..: 6.9% (12 of 175 functions)
[+] AFL test case: id:000008,orig:get_parameter_values_1.xml (8 / 277), cycle: 0
    lines......: 5.3% (202 of 3785 lines)
    functions..: 6.9% (12 of 175 functions)
[+] AFL test case: id:000009,orig:get_parameter_values_2.xml (9 / 277), cycle: 0
    lines......: 5.3% (202 of 3785 lines)
    functions..: 6.9% (12 of 175 functions)
[+] AFL test case: id:000010,orig:get_rpc_methods.xml (10 / 277), cycle: 0
    lines......: 5.3% (202 of 3785 lines)
    functions..: 6.9% (12 of 175 functions)
[+] AFL test case: id:000011,orig:get_rpc_methods_response.xml (11 / 277), cycle: 0
    lines......: 5.3% (202 of 3785 lines)
    functions..: 6.9% (12 of 175 functions)
[+] AFL test case: id:000012,orig:inform_response.xml (12 / 277), cycle: 0
    lines......: 5.3% (202 of 3785 lines)
    functions..: 6.9% (12 of 175 functions)
[+] AFL test case: id:000013,orig:reboot.xml (13 / 277), cycle: 0
    lines......: 5.3% (202 of 3785 lines)
    functions..: 6.9% (12 of 175 functions)
[+] AFL test case: id:000014,orig:schedule_inform.xml (14 / 277), cycle: 0
    lines......: 5.3% (202 of 3785 lines)
    functions..: 6.9% (12 of 175 functions)
[+] AFL test case: id:000015,orig:set_parameter_attributes_1.xml (15 / 277), cycle: 0
    lines......: 5.3% (202 of 3785 lines)
    functions..: 6.9% (12 of 175 functions)
[+] AFL test case: id:000016,orig:set_parameter_attributes_2.xml (16 / 277), cycle: 0
    lines......: 5.3% (202 of 3785 lines)
    functions..: 6.9% (12 of 175 functions)
[+] AFL test case: id:000017,orig:set_parameter_values_1.xml (17 / 277), cycle: 0
    lines......: 5.3% (202 of 3785 lines)
    functions..: 6.9% (12 of 175 functions)
[+] AFL test case: id:000018,orig:set_parameter_values_2.xml (18 / 277), cycle: 0
    lines......: 5.3% (202 of 3785 lines)
    functions..: 6.9% (12 of 175 functions)
[+] AFL test case: id:000019,orig:set_parameter_values_3.xml (19 / 277), cycle: 0
    lines......: 5.3% (202 of 3785 lines)
    functions..: 6.9% (12 of 175 functions)
[+] AFL test case: id:000020,orig:transfer_complete_response.xml (20 / 277), cycle: 0
    lines......: 5.3% (202 of 3785 lines)
    functions..: 6.9% (12 of 175 functions)
[+] AFL test case: id:000021,orig:upload.xml (21 / 277), cycle: 0
    lines......: 5.3% (202 of 3785 lines)
    functions..: 6.9% (12 of 175 functions)
[+] AFL test case: id:000022,src:000004,op:flip1,pos:0,+cov (22 / 277), cycle: 0
    lines......: 5.3% (202 of 3785 lines)
    functions..: 6.9% (12 of 175 functions)
[+] AFL test case: id:000023,src:000004,op:flip1,pos:1,+cov (23 / 277), cycle: 0
    lines......: 5.3% (202 of 3785 lines)
    functions..: 6.9% (12 of 175 functions)
[+] AFL test case: id:000024,src:000004,op:flip1,pos:1,+cov (24 / 277), cycle: 0
    lines......: 5.3% (202 of 3785 lines)
    functions..: 6.9% (12 of 175 functions)
[+] AFL test case: id:000025,src:000004,op:flip1,pos:62,+cov (25 / 277), cycle: 0
    lines......: 5.3% (202 of 3785 lines)
    functions..: 6.9% (12 of 175 functions)
[+] AFL test case: id:000026,src:000004,op:flip1,pos:115,+cov (26 / 277), cycle: 0
    lines......: 5.3% (202 of 3785 lines)
    functions..: 6.9% (12 of 175 functions)
[+] AFL test case: id:000027,src:000004,op:flip1,pos:174,+cov (27 / 277), cycle: 0
    lines......: 5.3% (202 of 3785 lines)
    functions..: 6.9% (12 of 175 functions)
[+] AFL test case: id:000028,src:000004,op:flip1,pos:186,+cov (28 / 277), cycle: 0
    lines......: 5.3% (202 of 3785 lines)
    functions..: 6.9% (12 of 175 functions)
[+] AFL test case: id:000029,src:000004,op:flip1,pos:219,+cov (29 / 277), cycle: 0
    lines......: 5.3% (202 of 3785 lines)
    functions..: 6.9% (12 of 175 functions)
[+] AFL test case: id:000030,src:000004,op:flip1,pos:273,+cov (30 / 277), cycle: 0
    lines......: 5.3% (202 of 3785 lines)
    functions..: 6.9% (12 of 175 functions)
[+] AFL test case: id:000031,src:000004,op:flip4,pos:56,+cov (31 / 277), cycle: 0
    lines......: 5.3% (202 of 3785 lines)
    functions..: 6.9% (12 of 175 functions)
[+] AFL test case: id:000032,src:000004,op:flip4,pos:115,+cov (32 / 277), cycle: 0
    lines......: 5.3% (202 of 3785 lines)
    functions..: 6.9% (12 of 175 functions)
[+] AFL test case: id:000033,src:000004,op:flip4,pos:174,+cov (33 / 277), cycle: 0
    lines......: 5.3% (202 of 3785 lines)
    functions..: 6.9% (12 of 175 functions)
[+] AFL test case: id:000034,sync:fuzzer02,src:000034,+cov (34 / 277), cycle: 0
    lines......: 5.3% (202 of 3785 lines)
    functions..: 6.9% (12 of 175 functions)
[+] AFL test case: id:000035,sync:fuzzer02,src:000051,+cov (35 / 277), cycle: 0
    lines......: 5.3% (202 of 3785 lines)
    functions..: 6.9% (12 of 175 functions)
[+] AFL test case: id:000036,sync:fuzzer02,src:000060,+cov (36 / 277), cycle: 0
    lines......: 5.3% (202 of 3785 lines)
    functions..: 6.9% (12 of 175 functions)
[+] AFL test case: id:000037,sync:fuzzer02,src:000040,+cov (37 / 277), cycle: 0
    lines......: 5.3% (202 of 3785 lines)
    functions..: 6.9% (12 of 175 functions)
[+] AFL test case: id:000038,sync:fuzzer02,src:000035,+cov (38 / 277), cycle: 0
    lines......: 5.3% (202 of 3785 lines)
    functions..: 6.9% (12 of 175 functions)
[+] AFL test case: id:000039,sync:fuzzer02,src:000045,+cov (39 / 277), cycle: 0
    lines......: 5.3% (202 of 3785 lines)
    functions..: 6.9% (12 of 175 functions)
[+] AFL test case: id:000040,sync:fuzzer02,src:000056,+cov (40 / 277), cycle: 0
    lines......: 5.3% (202 of 3785 lines)
    functions..: 6.9% (12 of 175 functions)
[+] AFL test case: id:000041,sync:fuzzer02,src:000041,+cov (41 / 277), cycle: 0
    lines......: 5.3% (202 of 3785 lines)
    functions..: 6.9% (12 of 175 functions)
[+] AFL test case: id:000042,sync:fuzzer02,src:000061,+cov (42 / 277), cycle: 0
    lines......: 5.3% (202 of 3785 lines)
    functions..: 6.9% (12 of 175 functions)
[+] AFL test case: id:000043,sync:fuzzer02,src:000044,+cov (43 / 277), cycle: 0
    lines......: 5.3% (202 of 3785 lines)
    functions..: 6.9% (12 of 175 functions)
[+] AFL test case: id:000044,sync:fuzzer02,src:000054,+cov (44 / 277), cycle: 0
    lines......: 5.3% (202 of 3785 lines)
    functions..: 6.9% (12 of 175 functions)
[+] AFL test case: id:000045,sync:fuzzer02,src:000050,+cov (45 / 277), cycle: 0
    lines......: 5.3% (202 of 3785 lines)
    functions..: 6.9% (12 of 175 functions)
[+] AFL test case: id:000046,sync:fuzzer02,src:000055,+cov (46 / 277), cycle: 0
    lines......: 5.3% (202 of 3785 lines)
    functions..: 6.9% (12 of 175 functions)
[+] AFL test case: id:000047,sync:fuzzer02,src:000036,+cov (47 / 277), cycle: 0
    lines......: 5.3% (202 of 3785 lines)
    functions..: 6.9% (12 of 175 functions)
[+] AFL test case: id:000048,sync:fuzzer02,src:000052,+cov (48 / 277), cycle: 0
    lines......: 5.3% (202 of 3785 lines)
    functions..: 6.9% (12 of 175 functions)
[+] AFL test case: id:000049,sync:fuzzer02,src:000059,+cov (49 / 277), cycle: 0
    lines......: 5.3% (202 of 3785 lines)
    functions..: 6.9% (12 of 175 functions)
[+] AFL test case: id:000050,sync:fuzzer02,src:000058,+cov (50 / 277), cycle: 0
    lines......: 5.3% (202 of 3785 lines)
    functions..: 6.9% (12 of 175 functions)
[+] AFL test case: id:000051,sync:fuzzer02,src:000053,+cov (51 / 277), cycle: 0
    lines......: 5.3% (202 of 3785 lines)
    functions..: 6.9% (12 of 175 functions)
[+] AFL test case: id:000052,sync:fuzzer02,src:000043,+cov (52 / 277), cycle: 0
    lines......: 5.3% (202 of 3785 lines)
    functions..: 6.9% (12 of 175 functions)
[+] AFL test case: id:000053,sync:fuzzer02,src:000030,+cov (53 / 277), cycle: 0
    lines......: 5.3% (202 of 3785 lines)
    functions..: 6.9% (12 of 175 functions)
[+] AFL test case: id:000054,sync:fuzzer02,src:000063,+cov (54 / 277), cycle: 0
    lines......: 5.3% (202 of 3785 lines)
    functions..: 6.9% (12 of 175 functions)
[+] AFL test case: id:000055,sync:fuzzer02,src:000038,+cov (55 / 277), cycle: 0
    lines......: 5.3% (202 of 3785 lines)
    functions..: 6.9% (12 of 175 functions)
[+] AFL test case: id:000056,sync:fuzzer02,src:000062,+cov (56 / 277), cycle: 0
    lines......: 5.3% (202 of 3785 lines)
    functions..: 6.9% (12 of 175 functions)
[+] AFL test case: id:000057,sync:fuzzer02,src:000042,+cov (57 / 277), cycle: 0
    lines......: 5.3% (202 of 3785 lines)
    functions..: 6.9% (12 of 175 functions)
[+] AFL test case: id:000058,sync:fuzzer02,src:000049,+cov (58 / 277), cycle: 0
    lines......: 5.3% (202 of 3785 lines)
    functions..: 6.9% (12 of 175 functions)
[+] AFL test case: id:000059,src:000027,op:ext_AO,pos:364,+cov (59 / 277), cycle: 0
    lines......: 5.3% (202 of 3785 lines)
    functions..: 6.9% (12 of 175 functions)
[+] AFL test case: id:000060,sync:fuzzer02,src:000064,+cov (60 / 277), cycle: 0
    lines......: 5.3% (202 of 3785 lines)
    functions..: 6.9% (12 of 175 functions)
[+] AFL test case: id:000061,sync:fuzzer02,src:000065,+cov (61 / 277), cycle: 0
    lines......: 5.3% (202 of 3785 lines)
    functions..: 6.9% (12 of 175 functions)
[+] AFL test case: id:000062,sync:fuzzer02,src:000067,+cov (62 / 277), cycle: 0
    lines......: 5.3% (202 of 3785 lines)
    functions..: 6.9% (12 of 175 functions)
[+] AFL test case: id:000063,sync:fuzzer02,src:000069,+cov (63 / 277), cycle: 0
    lines......: 5.3% (202 of 3785 lines)
    functions..: 6.9% (12 of 175 functions)
[+] AFL test case: id:000064,sync:fuzzer02,src:000068,+cov (64 / 277), cycle: 0
    lines......: 5.3% (202 of 3785 lines)
    functions..: 6.9% (12 of 175 functions)
[+] AFL test case: id:000065,sync:fuzzer02,src:000070,+cov (65 / 277), cycle: 0
    lines......: 5.3% (202 of 3785 lines)
    functions..: 6.9% (12 of 175 functions)
[+] Processed 277 / 277 test cases.

[+] Final zero coverage report: /home/maarten/final_fuzzer_outputs/afl_output_rpc_methods_response_24h//cov/zero-cov
[+] Final positive coverage report: /home/maarten/final_fuzzer_outputs/afl_output_rpc_methods_response_24h//cov/pos-cov
    lines......: 5.3% (202 of 3785 lines)
    functions..: 6.9% (12 of 175 functions)
[+] Final lcov web report: /home/maarten/final_fuzzer_outputs/afl_output_rpc_methods_response_24h//cov/web/index.html
