
*** Imported 69 new test cases from: /home/maarten/final_fuzzer_outputs/afl_output_transfer_complete_response_24h//fuzzer01/queue

[+] AFL test case: id:000000,orig:add_object.xml (0 / 69), cycle: 0
    lines......: 4.9% (186 of 3785 lines)
    functions..: 6.3% (11 of 175 functions)

    Coverage diff (init) id:000000,orig:add_object.xml
diff (init) -> id:000000,orig:add_object.xml
New src file: /usr/local/include/libubox/list.h
  New 'line' coverage: 63
  New 'line' coverage: 65
New src file: /home/maarten/Desktop/easycwmp_cov_copy/src/harness.c
  New 'function' coverage: main()
  New 'line' coverage: 102
  New 'line' coverage: 104
  New 'line' coverage: 116
  New 'line' coverage: 118
  New 'line' coverage: 14
  New 'line' coverage: 16
  New 'line' coverage: 22
  New 'line' coverage: 26
  New 'line' coverage: 34
  New 'line' coverage: 35
  New 'line' coverage: 37
  New 'line' coverage: 40
  New 'line' coverage: 43
  New 'line' coverage: 44
  New 'line' coverage: 47
  New 'line' coverage: 50
  New 'line' coverage: 53
  New 'line' coverage: 54
  New 'line' coverage: 57
  New 'line' coverage: 60
  New 'line' coverage: 68
  New 'line' coverage: 69
  New 'line' coverage: 71
  New 'line' coverage: 72
  New 'line' coverage: 73
  New 'line' coverage: 74
  New 'line' coverage: 75
  New 'line' coverage: 77
  New 'line' coverage: 78
  New 'line' coverage: 80
  New 'line' coverage: 87
  New 'line' coverage: 89
  New 'line' coverage: 90
  New 'line' coverage: 92
  New 'line' coverage: 95
  New 'line' coverage: 98
New src file: /home/maarten/Desktop/easycwmp_cov_copy/src/log.c
  New 'function' coverage: log_message()
  New 'line' coverage: 41
  New 'line' coverage: 43
  New 'line' coverage: 45
  New 'line' coverage: 47
  New 'line' coverage: 48
  New 'line' coverage: 49
  New 'line' coverage: 50
  New 'line' coverage: 51
  New 'line' coverage: 52
  New 'line' coverage: 54
  New 'line' coverage: 55
  New 'line' coverage: 56
  New 'line' coverage: 57
  New 'line' coverage: 58
  New 'line' coverage: 60
New src file: /home/maarten/Desktop/easycwmp_cov_copy/src/xml.c
  New 'function' coverage: xml_free_ns()
  New 'function' coverage: xml_get_hold_request()
  New 'function' coverage: xml_mxml_find_node_by_env_type()
  New 'function' coverage: xml_mxml_get_attrname_array()
  New 'function' coverage: xml_parse_transfer_complete_response_message()
  New 'function' coverage: xml_recreate_namespace()
  New 'line' coverage: 155
  New 'line' coverage: 157
  New 'line' coverage: 158
  New 'line' coverage: 159
  New 'line' coverage: 160
  New 'line' coverage: 161
  New 'line' coverage: 162
  New 'line' coverage: 165
  New 'line' coverage: 214
  New 'line' coverage: 219
  New 'line' coverage: 220
  New 'line' coverage: 222
  New 'line' coverage: 225
  New 'line' coverage: 226
  New 'line' coverage: 227
  New 'line' coverage: 229
  New 'line' coverage: 231
  New 'line' coverage: 233
  New 'line' coverage: 236
  New 'line' coverage: 239
  New 'line' coverage: 240
  New 'line' coverage: 241
  New 'line' coverage: 242
  New 'line' coverage: 244
  New 'line' coverage: 245
  New 'line' coverage: 248
  New 'line' coverage: 249
  New 'line' coverage: 250
  New 'line' coverage: 255
  New 'line' coverage: 257
  New 'line' coverage: 258
  New 'line' coverage: 259
  New 'line' coverage: 260
  New 'line' coverage: 262
  New 'line' coverage: 264
  New 'line' coverage: 265
  New 'line' coverage: 266
  New 'line' coverage: 267
  New 'line' coverage: 268
  New 'line' coverage: 269
  New 'line' coverage: 270
  New 'line' coverage: 271
  New 'line' coverage: 276
  New 'line' coverage: 277
  New 'line' coverage: 280
  New 'line' coverage: 281
  New 'line' coverage: 282
  New 'line' coverage: 283
  New 'line' coverage: 287
  New 'line' coverage: 288
  New 'line' coverage: 289
  New 'line' coverage: 290
  New 'line' coverage: 294
  New 'line' coverage: 295
  New 'line' coverage: 296
  New 'line' coverage: 297
  New 'line' coverage: 300
  New 'line' coverage: 302
  New 'line' coverage: 303
  New 'line' coverage: 308
  New 'line' coverage: 310
  New 'line' coverage: 311
  New 'line' coverage: 313
  New 'line' coverage: 315
  New 'line' coverage: 317
  New 'line' coverage: 318
  New 'line' coverage: 319
  New 'line' coverage: 326
  New 'line' coverage: 328
  New 'line' coverage: 329
  New 'line' coverage: 330
  New 'line' coverage: 758
  New 'line' coverage: 760
  New 'line' coverage: 761
  New 'line' coverage: 762
  New 'line' coverage: 764
  New 'line' coverage: 765
  New 'line' coverage: 766
  New 'line' coverage: 768
  New 'line' coverage: 769
  New 'line' coverage: 778
  New 'line' coverage: 780
  New 'line' coverage: 781
  New 'line' coverage: 782
New src file: /home/maarten/Desktop/easycwmp_cov_copy/src/backup.c
  New 'function' coverage: backup_init()
  New 'line' coverage: 33
  New 'line' coverage: 48
  New 'line' coverage: 50
  New 'line' coverage: 53
New src file: /home/maarten/Desktop/easycwmp_cov_copy/src/external.c
  New 'function' coverage: external_init()
  New 'function' coverage: external_read_pipe()
  New 'line' coverage: 134
  New 'line' coverage: 136
  New 'line' coverage: 137
  New 'line' coverage: 138
  New 'line' coverage: 139
  New 'line' coverage: 140
  New 'line' coverage: 141
  New 'line' coverage: 142
  New 'line' coverage: 143
  New 'line' coverage: 144
  New 'line' coverage: 145
  New 'line' coverage: 148
  New 'line' coverage: 149
  New 'line' coverage: 151
  New 'line' coverage: 153
  New 'line' coverage: 155
  New 'line' coverage: 156
  New 'line' coverage: 160
  New 'line' coverage: 161
  New 'line' coverage: 162
  New 'line' coverage: 186
  New 'line' coverage: 188
  New 'line' coverage: 189
  New 'line' coverage: 191
  New 'line' coverage: 193
  New 'line' coverage: 198
  New 'line' coverage: 200
  New 'line' coverage: 201
  New 'line' coverage: 202
  New 'line' coverage: 204
  New 'line' coverage: 205
  New 'line' coverage: 206
  New 'line' coverage: 208
  New 'line' coverage: 209
  New 'line' coverage: 210
  New 'line' coverage: 211
  New 'line' coverage: 212
  New 'line' coverage: 214
  New 'line' coverage: 215
  New 'line' coverage: 216
  New 'line' coverage: 220
  New 'line' coverage: 221
  New 'line' coverage: 223
  New 'line' coverage: 226
  New 'line' coverage: 227



++++++ BEGIN - first exec output for CMD: ./bin/easycwmpd transfer_complete_response /home/maarten/final_fuzzer_outputs/afl_output_transfer_complete_response_24h//fuzzer01/queue/id:000000,orig:add_object.xml
    2024-12-29 14:46:01 [easycwmp] NOTICE - external script init
    transfer_complete_response
    
    <?xml version="1.0" encoding="UTF-8"?><soap-env:Envelope xmlns:soap-enc="http://schemas.xmlsoap.org/soap/encoding/" xmlns:soap-env="http://schemas.xmlsoap.org/soap/envelope/" xmlns:xsd="http://www.w3.org/2001/XMLSchema" xmlns:xsi="http://www.w3.org/2001/XMLSchema-instance" xmlns:cwmp="urn:dslforum-org:cwmp-1-2"><soap-env:Header><cwmp:ID soap-env:mustUnderstand="1">1910ee272180001</cwmp:ID></soap-env:Header><soap-env:Body><cwmp:AddObject><ObjectName>InternetGatewayDevice.WANDevice.1.WANConnectionDevice.1.WANPPPConnection.1.PortMapping.</ObjectName><ParameterKey>3544041</ParameterKey></cwmp:AddObject></soap-env:Body></soap-env:Envelope>
    
    
    Inside mxml_load_data function
++++++ END

[+] AFL test case: id:000001,orig:delete_object.xml (1 / 69), cycle: 0
    lines......: 4.9% (186 of 3785 lines)
    functions..: 6.3% (11 of 175 functions)
[+] AFL test case: id:000002,orig:download.xml (2 / 69), cycle: 0
    lines......: 4.9% (186 of 3785 lines)
    functions..: 6.3% (11 of 175 functions)
[+] AFL test case: id:000003,orig:factory_reset.xml (3 / 69), cycle: 0
    lines......: 4.9% (186 of 3785 lines)
    functions..: 6.3% (11 of 175 functions)
[+] AFL test case: id:000004,orig:fault.xml (4 / 69), cycle: 0
    lines......: 5.2% (198 of 3785 lines)
    functions..: 6.9% (12 of 175 functions)

    Coverage diff id:000003,orig:factory_reset.xml id:000004,orig:fault.xml
diff id:000003,orig:factory_reset.xml -> id:000004,orig:fault.xml
Src file: /home/maarten/Desktop/easycwmp_cov_copy/src/xml.c
  New 'function' coverage: mxmlFindElementOpaque()
  New 'line' coverage: 102
  New 'line' coverage: 103
  New 'line' coverage: 770
  New 'line' coverage: 771
  New 'line' coverage: 775
  New 'line' coverage: 83
  New 'line' coverage: 88
  New 'line' coverage: 91
  New 'line' coverage: 93
  New 'line' coverage: 95
  New 'line' coverage: 96
  New 'line' coverage: 97

[+] AFL test case: id:000005,orig:get_parameter_attributes.xml (5 / 69), cycle: 0
    lines......: 5.2% (198 of 3785 lines)
    functions..: 6.9% (12 of 175 functions)
[+] AFL test case: id:000006,orig:get_parameter_names_1.xml (6 / 69), cycle: 0
    lines......: 5.2% (198 of 3785 lines)
    functions..: 6.9% (12 of 175 functions)
[+] AFL test case: id:000007,orig:get_parameter_names_2.xml (7 / 69), cycle: 0
    lines......: 5.2% (198 of 3785 lines)
    functions..: 6.9% (12 of 175 functions)
[+] AFL test case: id:000008,orig:get_parameter_values_1.xml (8 / 69), cycle: 0
    lines......: 5.2% (198 of 3785 lines)
    functions..: 6.9% (12 of 175 functions)
[+] AFL test case: id:000009,orig:get_parameter_values_2.xml (9 / 69), cycle: 0
    lines......: 5.2% (198 of 3785 lines)
    functions..: 6.9% (12 of 175 functions)
[+] AFL test case: id:000010,orig:get_rpc_methods.xml (10 / 69), cycle: 0
    lines......: 5.2% (198 of 3785 lines)
    functions..: 6.9% (12 of 175 functions)
[+] AFL test case: id:000011,orig:get_rpc_methods_response.xml (11 / 69), cycle: 0
    lines......: 5.2% (198 of 3785 lines)
    functions..: 6.9% (12 of 175 functions)
[+] AFL test case: id:000012,orig:inform_response.xml (12 / 69), cycle: 0
    lines......: 5.2% (198 of 3785 lines)
    functions..: 6.9% (12 of 175 functions)
[+] AFL test case: id:000013,orig:reboot.xml (13 / 69), cycle: 0
    lines......: 5.2% (198 of 3785 lines)
    functions..: 6.9% (12 of 175 functions)
[+] AFL test case: id:000014,orig:schedule_inform.xml (14 / 69), cycle: 0
    lines......: 5.2% (198 of 3785 lines)
    functions..: 6.9% (12 of 175 functions)
[+] AFL test case: id:000015,orig:set_parameter_attributes_1.xml (15 / 69), cycle: 0
    lines......: 5.2% (198 of 3785 lines)
    functions..: 6.9% (12 of 175 functions)
[+] AFL test case: id:000016,orig:set_parameter_attributes_2.xml (16 / 69), cycle: 0
    lines......: 5.2% (198 of 3785 lines)
    functions..: 6.9% (12 of 175 functions)
[+] AFL test case: id:000017,orig:set_parameter_values_1.xml (17 / 69), cycle: 0
    lines......: 5.2% (198 of 3785 lines)
    functions..: 6.9% (12 of 175 functions)
[+] AFL test case: id:000018,orig:set_parameter_values_2.xml (18 / 69), cycle: 0
    lines......: 5.2% (198 of 3785 lines)
    functions..: 6.9% (12 of 175 functions)
[+] AFL test case: id:000019,orig:set_parameter_values_3.xml (19 / 69), cycle: 0
    lines......: 5.2% (198 of 3785 lines)
    functions..: 6.9% (12 of 175 functions)
[+] AFL test case: id:000020,orig:transfer_complete_response.xml (20 / 69), cycle: 0
    lines......: 5.2% (198 of 3785 lines)
    functions..: 6.9% (12 of 175 functions)
[+] AFL test case: id:000021,orig:upload.xml (21 / 69), cycle: 0
    lines......: 5.2% (198 of 3785 lines)
    functions..: 6.9% (12 of 175 functions)
[+] AFL test case: id:000022,src:000003,op:flip1,pos:0,+cov (22 / 69), cycle: 0
    lines......: 5.3% (201 of 3785 lines)
    functions..: 6.9% (12 of 175 functions)

    Coverage diff id:000021,orig:upload.xml id:000022,src:000003,op:flip1,pos:0,+cov
diff id:000021,orig:upload.xml -> id:000022,src:000003,op:flip1,pos:0,+cov
Src file: /home/maarten/Desktop/easycwmp_cov_copy/src/xml.c
  New 'line' coverage: 784
  New 'line' coverage: 785
  New 'line' coverage: 786

[+] AFL test case: id:000023,src:000003,op:flip1,pos:1,+cov (23 / 69), cycle: 0
    lines......: 5.3% (201 of 3785 lines)
    functions..: 6.9% (12 of 175 functions)
[+] AFL test case: id:000024,src:000003,op:flip1,pos:1,+cov (24 / 69), cycle: 0
    lines......: 5.3% (201 of 3785 lines)
    functions..: 6.9% (12 of 175 functions)
[+] AFL test case: id:000025,src:000003,op:flip1,pos:78,+cov (25 / 69), cycle: 0
    lines......: 5.3% (201 of 3785 lines)
    functions..: 6.9% (12 of 175 functions)
[+] AFL test case: id:000026,src:000003,op:flip1,pos:131,+cov (26 / 69), cycle: 0
    lines......: 5.3% (201 of 3785 lines)
    functions..: 6.9% (12 of 175 functions)
[+] AFL test case: id:000027,src:000003,op:flip1,pos:190,+cov (27 / 69), cycle: 0
    lines......: 5.3% (201 of 3785 lines)
    functions..: 6.9% (12 of 175 functions)
[+] AFL test case: id:000028,src:000003,op:flip1,pos:202,+cov (28 / 69), cycle: 0
    lines......: 5.3% (201 of 3785 lines)
    functions..: 6.9% (12 of 175 functions)
[+] AFL test case: id:000029,src:000003,op:flip1,pos:235,+cov (29 / 69), cycle: 0
    lines......: 5.3% (201 of 3785 lines)
    functions..: 6.9% (12 of 175 functions)
[+] AFL test case: id:000030,src:000003,op:flip1,pos:289,+cov (30 / 69), cycle: 0
    lines......: 5.3% (201 of 3785 lines)
    functions..: 6.9% (12 of 175 functions)
[+] AFL test case: id:000031,src:000003,op:flip4,pos:72,+cov (31 / 69), cycle: 0
    lines......: 5.3% (201 of 3785 lines)
    functions..: 6.9% (12 of 175 functions)
[+] AFL test case: id:000032,src:000003,op:flip4,pos:131,+cov (32 / 69), cycle: 0
    lines......: 5.3% (201 of 3785 lines)
    functions..: 6.9% (12 of 175 functions)
[+] AFL test case: id:000033,src:000003,op:flip4,pos:190,+cov (33 / 69), cycle: 0
    lines......: 5.3% (201 of 3785 lines)
    functions..: 6.9% (12 of 175 functions)
[+] AFL test case: id:000034,src:000003,op:havoc,rep:2,+cov (34 / 69), cycle: 0
    lines......: 5.3% (201 of 3785 lines)
    functions..: 6.9% (12 of 175 functions)
[+] AFL test case: id:000035,src:000003,op:havoc,rep:4,+cov (35 / 69), cycle: 0
    lines......: 5.3% (201 of 3785 lines)
    functions..: 6.9% (12 of 175 functions)
[+] AFL test case: id:000036,sync:fuzzer02,src:000043,+cov (36 / 69), cycle: 0
    lines......: 5.3% (201 of 3785 lines)
    functions..: 6.9% (12 of 175 functions)
[+] AFL test case: id:000037,sync:fuzzer02,src:000042,+cov (37 / 69), cycle: 0
    lines......: 5.3% (201 of 3785 lines)
    functions..: 6.9% (12 of 175 functions)
[+] AFL test case: id:000038,sync:fuzzer02,src:000035,+cov (38 / 69), cycle: 0
    lines......: 5.3% (201 of 3785 lines)
    functions..: 6.9% (12 of 175 functions)
[+] AFL test case: id:000039,sync:fuzzer02,src:000033,+cov (39 / 69), cycle: 0
    lines......: 5.3% (201 of 3785 lines)
    functions..: 6.9% (12 of 175 functions)
[+] AFL test case: id:000040,sync:fuzzer02,src:000051,+cov (40 / 69), cycle: 0
    lines......: 5.3% (201 of 3785 lines)
    functions..: 6.9% (12 of 175 functions)
[+] AFL test case: id:000041,sync:fuzzer02,src:000044,+cov (41 / 69), cycle: 0
    lines......: 5.3% (201 of 3785 lines)
    functions..: 6.9% (12 of 175 functions)
[+] AFL test case: id:000042,sync:fuzzer02,src:000046,+cov (42 / 69), cycle: 0
    lines......: 5.3% (201 of 3785 lines)
    functions..: 6.9% (12 of 175 functions)
[+] AFL test case: id:000043,sync:fuzzer02,src:000049,+cov (43 / 69), cycle: 0
    lines......: 5.3% (201 of 3785 lines)
    functions..: 6.9% (12 of 175 functions)
[+] AFL test case: id:000044,sync:fuzzer02,src:000045,+cov (44 / 69), cycle: 0
    lines......: 5.3% (201 of 3785 lines)
    functions..: 6.9% (12 of 175 functions)
[+] AFL test case: id:000045,sync:fuzzer02,src:000040,+cov (45 / 69), cycle: 0
    lines......: 5.3% (201 of 3785 lines)
    functions..: 6.9% (12 of 175 functions)
[+] AFL test case: id:000046,sync:fuzzer02,src:000041,+cov (46 / 69), cycle: 0
    lines......: 5.3% (201 of 3785 lines)
    functions..: 6.9% (12 of 175 functions)
[+] AFL test case: id:000047,sync:fuzzer02,src:000050,+cov (47 / 69), cycle: 0
    lines......: 5.3% (201 of 3785 lines)
    functions..: 6.9% (12 of 175 functions)
[+] AFL test case: id:000048,sync:fuzzer02,src:000037,+cov (48 / 69), cycle: 0
    lines......: 5.3% (201 of 3785 lines)
    functions..: 6.9% (12 of 175 functions)
[+] AFL test case: id:000049,sync:fuzzer02,src:000048,+cov (49 / 69), cycle: 0
    lines......: 5.3% (201 of 3785 lines)
    functions..: 6.9% (12 of 175 functions)
[+] AFL test case: id:000050,src:000020,op:ext_AO,pos:176,+cov (50 / 69), cycle: 0
    lines......: 5.3% (201 of 3785 lines)
    functions..: 6.9% (12 of 175 functions)
[+] AFL test case: id:000051,sync:fuzzer02,src:000059,+cov (51 / 69), cycle: 0
    lines......: 5.3% (201 of 3785 lines)
    functions..: 6.9% (12 of 175 functions)
[+] AFL test case: id:000052,sync:fuzzer02,src:000067,+cov (52 / 69), cycle: 0
    lines......: 5.3% (201 of 3785 lines)
    functions..: 6.9% (12 of 175 functions)
[+] AFL test case: id:000053,sync:fuzzer02,src:000062,+cov (53 / 69), cycle: 0
    lines......: 5.3% (201 of 3785 lines)
    functions..: 6.9% (12 of 175 functions)
[+] AFL test case: id:000054,sync:fuzzer02,src:000061,+cov (54 / 69), cycle: 0
    lines......: 5.3% (201 of 3785 lines)
    functions..: 6.9% (12 of 175 functions)
[+] AFL test case: id:000055,sync:fuzzer02,src:000058,+cov (55 / 69), cycle: 0
    lines......: 5.3% (201 of 3785 lines)
    functions..: 6.9% (12 of 175 functions)
[+] AFL test case: id:000056,sync:fuzzer02,src:000064,+cov (56 / 69), cycle: 0
    lines......: 5.3% (201 of 3785 lines)
    functions..: 6.9% (12 of 175 functions)
[+] AFL test case: id:000057,sync:fuzzer02,src:000065,+cov (57 / 69), cycle: 0
    lines......: 5.3% (201 of 3785 lines)
    functions..: 6.9% (12 of 175 functions)
[+] AFL test case: id:000058,sync:fuzzer02,src:000054,+cov (58 / 69), cycle: 0
    lines......: 5.3% (201 of 3785 lines)
    functions..: 6.9% (12 of 175 functions)
[+] AFL test case: id:000059,sync:fuzzer02,src:000066,+cov (59 / 69), cycle: 0
    lines......: 5.3% (201 of 3785 lines)
    functions..: 6.9% (12 of 175 functions)
[+] AFL test case: id:000060,sync:fuzzer02,src:000060,+cov (60 / 69), cycle: 0
    lines......: 5.3% (201 of 3785 lines)
    functions..: 6.9% (12 of 175 functions)
[+] AFL test case: id:000061,sync:fuzzer02,src:000068,+cov (61 / 69), cycle: 0
    lines......: 5.3% (201 of 3785 lines)
    functions..: 6.9% (12 of 175 functions)
[+] AFL test case: id:000062,src:000050,op:flip1,pos:24,+cov (62 / 69), cycle: 0
    lines......: 5.3% (201 of 3785 lines)
    functions..: 6.9% (12 of 175 functions)
[+] AFL test case: id:000063,sync:fuzzer02,src:000069,+cov (63 / 69), cycle: 0
    lines......: 5.3% (201 of 3785 lines)
    functions..: 6.9% (12 of 175 functions)
[+] AFL test case: id:000064,src:000052,op:arith8,pos:279,val:+19,+cov (64 / 69), cycle: 0
    lines......: 5.3% (201 of 3785 lines)
    functions..: 6.9% (12 of 175 functions)
[+] AFL test case: id:000065,sync:fuzzer02,src:000072,+cov (65 / 69), cycle: 0
    lines......: 5.3% (201 of 3785 lines)
    functions..: 6.9% (12 of 175 functions)
[+] AFL test case: id:000066,sync:fuzzer02,src:000074,+cov (66 / 69), cycle: 0
    lines......: 5.3% (201 of 3785 lines)
    functions..: 6.9% (12 of 175 functions)
[+] AFL test case: id:000067,sync:fuzzer02,src:000073,+cov (67 / 69), cycle: 0
    lines......: 5.3% (201 of 3785 lines)
    functions..: 6.9% (12 of 175 functions)
[+] AFL test case: id:000068,sync:fuzzer02,src:000075,+cov (68 / 69), cycle: 0
    lines......: 5.3% (201 of 3785 lines)
    functions..: 6.9% (12 of 175 functions)

*** Imported 75 new test cases from: /home/maarten/final_fuzzer_outputs/afl_output_transfer_complete_response_24h//fuzzer03/queue

[+] AFL test case: id:000000,orig:add_object.xml (0 / 144), cycle: 0
    lines......: 5.3% (201 of 3785 lines)
    functions..: 6.9% (12 of 175 functions)
[+] AFL test case: id:000001,orig:delete_object.xml (1 / 144), cycle: 0
    lines......: 5.3% (201 of 3785 lines)
    functions..: 6.9% (12 of 175 functions)
[+] AFL test case: id:000002,orig:download.xml (2 / 144), cycle: 0
    lines......: 5.3% (201 of 3785 lines)
    functions..: 6.9% (12 of 175 functions)
[+] AFL test case: id:000003,orig:factory_reset.xml (3 / 144), cycle: 0
    lines......: 5.3% (201 of 3785 lines)
    functions..: 6.9% (12 of 175 functions)
[+] AFL test case: id:000004,orig:fault.xml (4 / 144), cycle: 0
    lines......: 5.3% (201 of 3785 lines)
    functions..: 6.9% (12 of 175 functions)
[+] AFL test case: id:000005,orig:get_parameter_attributes.xml (5 / 144), cycle: 0
    lines......: 5.3% (201 of 3785 lines)
    functions..: 6.9% (12 of 175 functions)
[+] AFL test case: id:000006,orig:get_parameter_names_1.xml (6 / 144), cycle: 0
    lines......: 5.3% (201 of 3785 lines)
    functions..: 6.9% (12 of 175 functions)
[+] AFL test case: id:000007,orig:get_parameter_names_2.xml (7 / 144), cycle: 0
    lines......: 5.3% (201 of 3785 lines)
    functions..: 6.9% (12 of 175 functions)
[+] AFL test case: id:000008,orig:get_parameter_values_1.xml (8 / 144), cycle: 0
    lines......: 5.3% (201 of 3785 lines)
    functions..: 6.9% (12 of 175 functions)
[+] AFL test case: id:000009,orig:get_parameter_values_2.xml (9 / 144), cycle: 0
    lines......: 5.3% (201 of 3785 lines)
    functions..: 6.9% (12 of 175 functions)
[+] AFL test case: id:000010,orig:get_rpc_methods.xml (10 / 144), cycle: 0
    lines......: 5.3% (201 of 3785 lines)
    functions..: 6.9% (12 of 175 functions)
[+] AFL test case: id:000011,orig:get_rpc_methods_response.xml (11 / 144), cycle: 0
    lines......: 5.3% (201 of 3785 lines)
    functions..: 6.9% (12 of 175 functions)
[+] AFL test case: id:000012,orig:inform_response.xml (12 / 144), cycle: 0
    lines......: 5.3% (201 of 3785 lines)
    functions..: 6.9% (12 of 175 functions)
[+] AFL test case: id:000013,orig:reboot.xml (13 / 144), cycle: 0
    lines......: 5.3% (201 of 3785 lines)
    functions..: 6.9% (12 of 175 functions)
[+] AFL test case: id:000014,orig:schedule_inform.xml (14 / 144), cycle: 0
    lines......: 5.3% (201 of 3785 lines)
    functions..: 6.9% (12 of 175 functions)
[+] AFL test case: id:000015,orig:set_parameter_attributes_1.xml (15 / 144), cycle: 0
    lines......: 5.3% (201 of 3785 lines)
    functions..: 6.9% (12 of 175 functions)
[+] AFL test case: id:000016,orig:set_parameter_attributes_2.xml (16 / 144), cycle: 0
    lines......: 5.3% (201 of 3785 lines)
    functions..: 6.9% (12 of 175 functions)
[+] AFL test case: id:000017,orig:set_parameter_values_1.xml (17 / 144), cycle: 0
    lines......: 5.3% (201 of 3785 lines)
    functions..: 6.9% (12 of 175 functions)
[+] AFL test case: id:000018,orig:set_parameter_values_2.xml (18 / 144), cycle: 0
    lines......: 5.3% (201 of 3785 lines)
    functions..: 6.9% (12 of 175 functions)
[+] AFL test case: id:000019,orig:set_parameter_values_3.xml (19 / 144), cycle: 0
    lines......: 5.3% (201 of 3785 lines)
    functions..: 6.9% (12 of 175 functions)
[+] AFL test case: id:000020,orig:transfer_complete_response.xml (20 / 144), cycle: 0
    lines......: 5.3% (201 of 3785 lines)
    functions..: 6.9% (12 of 175 functions)
[+] AFL test case: id:000021,orig:upload.xml (21 / 144), cycle: 0
    lines......: 5.3% (201 of 3785 lines)
    functions..: 6.9% (12 of 175 functions)
[+] AFL test case: id:000022,src:000004,op:tree,pos:0,+cov (22 / 144), cycle: 0
    lines......: 5.3% (201 of 3785 lines)
    functions..: 6.9% (12 of 175 functions)
[+] AFL test case: id:000023,src:000004,op:tree,pos:0,+cov (23 / 144), cycle: 0
    lines......: 5.3% (201 of 3785 lines)
    functions..: 6.9% (12 of 175 functions)
[+] AFL test case: id:000024,src:000004,op:tree,pos:0,+cov (24 / 144), cycle: 0
    lines......: 5.3% (201 of 3785 lines)
    functions..: 6.9% (12 of 175 functions)
[+] AFL test case: id:000025,src:000004,op:tree,pos:0,+cov (25 / 144), cycle: 0
    lines......: 5.3% (201 of 3785 lines)
    functions..: 6.9% (12 of 175 functions)
[+] AFL test case: id:000026,src:000004,op:tree,pos:0,+cov (26 / 144), cycle: 0
    lines......: 5.3% (201 of 3785 lines)
    functions..: 6.9% (12 of 175 functions)
[+] AFL test case: id:000027,src:000004,op:tree,pos:0,+cov (27 / 144), cycle: 0
    lines......: 5.3% (201 of 3785 lines)
    functions..: 6.9% (12 of 175 functions)
[+] AFL test case: id:000028,src:000004,op:tree,pos:0,+cov (28 / 144), cycle: 0
    lines......: 5.3% (201 of 3785 lines)
    functions..: 6.9% (12 of 175 functions)
[+] AFL test case: id:000029,src:000004,op:tree,pos:0,+cov (29 / 144), cycle: 0
    lines......: 5.3% (201 of 3785 lines)
    functions..: 6.9% (12 of 175 functions)
[+] AFL test case: id:000030,src:000004+000016,op:splice,rep:2,+cov (30 / 144), cycle: 0
    lines......: 5.3% (201 of 3785 lines)
    functions..: 6.9% (12 of 175 functions)
[+] AFL test case: id:000031,sync:fuzzer02,src:000033,+cov (31 / 144), cycle: 0
    lines......: 5.3% (201 of 3785 lines)
    functions..: 6.9% (12 of 175 functions)
[+] AFL test case: id:000032,sync:fuzzer02,src:000034,+cov (32 / 144), cycle: 0
    lines......: 5.3% (201 of 3785 lines)
    functions..: 6.9% (12 of 175 functions)
[+] AFL test case: id:000033,sync:fuzzer02,src:000030,+cov (33 / 144), cycle: 0
    lines......: 5.3% (201 of 3785 lines)
    functions..: 6.9% (12 of 175 functions)
[+] AFL test case: id:000034,src:000008,op:havoc,rep:4,+cov (34 / 144), cycle: 0
    lines......: 5.3% (201 of 3785 lines)
    functions..: 6.9% (12 of 175 functions)
[+] AFL test case: id:000035,src:000020,op:tree,rep:4,+cov (35 / 144), cycle: 0
    lines......: 5.3% (201 of 3785 lines)
    functions..: 6.9% (12 of 175 functions)
[+] AFL test case: id:000036,sync:fuzzer02,src:000035,+cov (36 / 144), cycle: 0
    lines......: 5.3% (201 of 3785 lines)
    functions..: 6.9% (12 of 175 functions)
[+] AFL test case: id:000037,sync:fuzzer01,src:000032,+cov (37 / 144), cycle: 0
    lines......: 5.3% (201 of 3785 lines)
    functions..: 6.9% (12 of 175 functions)
[+] AFL test case: id:000038,sync:fuzzer02,src:000038,+cov (38 / 144), cycle: 0
    lines......: 5.3% (201 of 3785 lines)
    functions..: 6.9% (12 of 175 functions)
[+] AFL test case: id:000039,sync:fuzzer02,src:000037,+cov (39 / 144), cycle: 0
    lines......: 5.3% (201 of 3785 lines)
    functions..: 6.9% (12 of 175 functions)
[+] AFL test case: id:000040,src:000038,op:havoc,rep:8,+cov (40 / 144), cycle: 0
    lines......: 5.3% (201 of 3785 lines)
    functions..: 6.9% (12 of 175 functions)
[+] AFL test case: id:000041,src:000038,op:havoc,rep:2,+cov (41 / 144), cycle: 0
    lines......: 5.3% (201 of 3785 lines)
    functions..: 6.9% (12 of 175 functions)
[+] AFL test case: id:000042,src:000038,op:havoc,rep:8,+cov (42 / 144), cycle: 0
    lines......: 5.3% (201 of 3785 lines)
    functions..: 6.9% (12 of 175 functions)
[+] AFL test case: id:000043,src:000039,op:havoc,rep:4,+cov (43 / 144), cycle: 0
    lines......: 5.3% (201 of 3785 lines)
    functions..: 6.9% (12 of 175 functions)
[+] AFL test case: id:000044,src:000039,op:havoc,rep:8,+cov (44 / 144), cycle: 0
    lines......: 5.3% (201 of 3785 lines)
    functions..: 6.9% (12 of 175 functions)
[+] AFL test case: id:000045,sync:fuzzer02,src:000046,+cov (45 / 144), cycle: 0
    lines......: 5.3% (201 of 3785 lines)
    functions..: 6.9% (12 of 175 functions)
[+] AFL test case: id:000046,src:000041,op:havoc,rep:2,+cov (46 / 144), cycle: 0
    lines......: 5.3% (201 of 3785 lines)
    functions..: 6.9% (12 of 175 functions)
[+] AFL test case: id:000047,src:000043,op:havoc,rep:4,+cov (47 / 144), cycle: 0
    lines......: 5.3% (201 of 3785 lines)
    functions..: 6.9% (12 of 175 functions)
[+] AFL test case: id:000048,src:000045,op:havoc,rep:4,+cov (48 / 144), cycle: 0
    lines......: 5.3% (201 of 3785 lines)
    functions..: 6.9% (12 of 175 functions)
[+] AFL test case: id:000049,sync:fuzzer02,src:000051,+cov (49 / 144), cycle: 0
    lines......: 5.3% (201 of 3785 lines)
    functions..: 6.9% (12 of 175 functions)
[+] AFL test case: id:000050,sync:fuzzer02,src:000049,+cov (50 / 144), cycle: 0
    lines......: 5.3% (201 of 3785 lines)
    functions..: 6.9% (12 of 175 functions)
[+] AFL test case: id:000051,src:000030,op:tree,rep:2,+cov (51 / 144), cycle: 0
    lines......: 5.3% (201 of 3785 lines)
    functions..: 6.9% (12 of 175 functions)
[+] AFL test case: id:000052,src:000030,op:tree,rep:2,+cov (52 / 144), cycle: 0
    lines......: 5.3% (201 of 3785 lines)
    functions..: 6.9% (12 of 175 functions)
[+] AFL test case: id:000053,src:000030,op:tree,rep:2,+cov (53 / 144), cycle: 0
    lines......: 5.3% (201 of 3785 lines)
    functions..: 6.9% (12 of 175 functions)
[+] AFL test case: id:000054,src:000051,op:havoc,rep:2,+cov (54 / 144), cycle: 0
    lines......: 5.3% (201 of 3785 lines)
    functions..: 6.9% (12 of 175 functions)
[+] AFL test case: id:000055,src:000052,op:tree,rep:64,+cov (55 / 144), cycle: 0
    lines......: 5.3% (201 of 3785 lines)
    functions..: 6.9% (12 of 175 functions)
[+] AFL test case: id:000056,src:000053,op:tree,rep:2,+cov (56 / 144), cycle: 0
    lines......: 5.3% (201 of 3785 lines)
    functions..: 6.9% (12 of 175 functions)
[+] AFL test case: id:000057,sync:fuzzer02,src:000059,+cov (57 / 144), cycle: 0
    lines......: 5.3% (201 of 3785 lines)
    functions..: 6.9% (12 of 175 functions)
[+] AFL test case: id:000058,sync:fuzzer02,src:000058,+cov (58 / 144), cycle: 0
    lines......: 5.3% (201 of 3785 lines)
    functions..: 6.9% (12 of 175 functions)
[+] AFL test case: id:000059,sync:fuzzer02,src:000056,+cov (59 / 144), cycle: 0
    lines......: 5.3% (201 of 3785 lines)
    functions..: 6.9% (12 of 175 functions)
[+] AFL test case: id:000060,src:000054,op:tree,rep:32,+cov (60 / 144), cycle: 0
    lines......: 5.3% (201 of 3785 lines)
    functions..: 6.9% (12 of 175 functions)
[+] AFL test case: id:000061,src:000055,op:tree,rep:2,+cov (61 / 144), cycle: 0
    lines......: 5.3% (201 of 3785 lines)
    functions..: 6.9% (12 of 175 functions)
[+] AFL test case: id:000062,src:000056,op:tree,rep:128,+cov (62 / 144), cycle: 0
    lines......: 5.3% (201 of 3785 lines)
    functions..: 6.9% (12 of 175 functions)
[+] AFL test case: id:000063,src:000059,op:tree,rep:8,+cov (63 / 144), cycle: 0
    lines......: 5.3% (201 of 3785 lines)
    functions..: 6.9% (12 of 175 functions)
[+] AFL test case: id:000064,src:000059,op:tree,rep:8,+cov (64 / 144), cycle: 0
    lines......: 5.3% (201 of 3785 lines)
    functions..: 6.9% (12 of 175 functions)
[+] AFL test case: id:000065,sync:fuzzer04,src:000064,+cov (65 / 144), cycle: 0
    lines......: 5.3% (201 of 3785 lines)
    functions..: 6.9% (12 of 175 functions)
[+] AFL test case: id:000066,src:000061,op:tree,rep:32,+cov (66 / 144), cycle: 0
    lines......: 5.3% (201 of 3785 lines)
    functions..: 6.9% (12 of 175 functions)
[+] AFL test case: id:000067,src:000066,op:havoc,rep:2,+cov (67 / 144), cycle: 0
    lines......: 5.3% (201 of 3785 lines)
    functions..: 6.9% (12 of 175 functions)
[+] AFL test case: id:000068,src:000026+000033,op:splice,rep:2,+cov (68 / 144), cycle: 0
    lines......: 5.3% (201 of 3785 lines)
    functions..: 6.9% (12 of 175 functions)
[+] AFL test case: id:000069,sync:fuzzer02,src:000070,+cov (69 / 144), cycle: 0
    lines......: 5.3% (201 of 3785 lines)
    functions..: 6.9% (12 of 175 functions)
[+] AFL test case: id:000070,sync:fuzzer01,src:000064,+cov (70 / 144), cycle: 0
    lines......: 5.3% (201 of 3785 lines)
    functions..: 6.9% (12 of 175 functions)
[+] AFL test case: id:000071,sync:fuzzer02,src:000072,+cov (71 / 144), cycle: 0
    lines......: 5.3% (201 of 3785 lines)
    functions..: 6.9% (12 of 175 functions)
[+] AFL test case: id:000072,sync:fuzzer02,src:000073,+cov (72 / 144), cycle: 0
    lines......: 5.3% (201 of 3785 lines)
    functions..: 6.9% (12 of 175 functions)
[+] AFL test case: id:000073,src:000020+000068,op:splice,rep:2,+cov (73 / 144), cycle: 0
    lines......: 5.3% (201 of 3785 lines)
    functions..: 6.9% (12 of 175 functions)
[+] AFL test case: id:000074,sync:fuzzer02,src:000075,+cov (74 / 144), cycle: 0
    lines......: 5.3% (201 of 3785 lines)
    functions..: 6.9% (12 of 175 functions)

*** Imported 76 new test cases from: /home/maarten/final_fuzzer_outputs/afl_output_transfer_complete_response_24h//fuzzer02/queue

[+] AFL test case: id:000000,orig:add_object.xml (0 / 220), cycle: 0
    lines......: 5.3% (201 of 3785 lines)
    functions..: 6.9% (12 of 175 functions)
[+] AFL test case: id:000001,orig:delete_object.xml (1 / 220), cycle: 0
    lines......: 5.3% (201 of 3785 lines)
    functions..: 6.9% (12 of 175 functions)
[+] AFL test case: id:000002,orig:download.xml (2 / 220), cycle: 0
    lines......: 5.3% (201 of 3785 lines)
    functions..: 6.9% (12 of 175 functions)
[+] AFL test case: id:000003,orig:factory_reset.xml (3 / 220), cycle: 0
    lines......: 5.3% (201 of 3785 lines)
    functions..: 6.9% (12 of 175 functions)
[+] AFL test case: id:000004,orig:fault.xml (4 / 220), cycle: 0
    lines......: 5.3% (201 of 3785 lines)
    functions..: 6.9% (12 of 175 functions)
[+] AFL test case: id:000005,orig:get_parameter_attributes.xml (5 / 220), cycle: 0
    lines......: 5.3% (201 of 3785 lines)
    functions..: 6.9% (12 of 175 functions)
[+] AFL test case: id:000006,orig:get_parameter_names_1.xml (6 / 220), cycle: 0
    lines......: 5.3% (201 of 3785 lines)
    functions..: 6.9% (12 of 175 functions)
[+] AFL test case: id:000007,orig:get_parameter_names_2.xml (7 / 220), cycle: 0
    lines......: 5.3% (201 of 3785 lines)
    functions..: 6.9% (12 of 175 functions)
[+] AFL test case: id:000008,orig:get_parameter_values_1.xml (8 / 220), cycle: 0
    lines......: 5.3% (201 of 3785 lines)
    functions..: 6.9% (12 of 175 functions)
[+] AFL test case: id:000009,orig:get_parameter_values_2.xml (9 / 220), cycle: 0
    lines......: 5.3% (201 of 3785 lines)
    functions..: 6.9% (12 of 175 functions)
[+] AFL test case: id:000010,orig:get_rpc_methods.xml (10 / 220), cycle: 0
    lines......: 5.3% (201 of 3785 lines)
    functions..: 6.9% (12 of 175 functions)
[+] AFL test case: id:000011,orig:get_rpc_methods_response.xml (11 / 220), cycle: 0
    lines......: 5.3% (201 of 3785 lines)
    functions..: 6.9% (12 of 175 functions)
[+] AFL test case: id:000012,orig:inform_response.xml (12 / 220), cycle: 0
    lines......: 5.3% (201 of 3785 lines)
    functions..: 6.9% (12 of 175 functions)
[+] AFL test case: id:000013,orig:reboot.xml (13 / 220), cycle: 0
    lines......: 5.3% (201 of 3785 lines)
    functions..: 6.9% (12 of 175 functions)
[+] AFL test case: id:000014,orig:schedule_inform.xml (14 / 220), cycle: 0
    lines......: 5.3% (201 of 3785 lines)
    functions..: 6.9% (12 of 175 functions)
[+] AFL test case: id:000015,orig:set_parameter_attributes_1.xml (15 / 220), cycle: 0
    lines......: 5.3% (201 of 3785 lines)
    functions..: 6.9% (12 of 175 functions)
[+] AFL test case: id:000016,orig:set_parameter_attributes_2.xml (16 / 220), cycle: 0
    lines......: 5.3% (201 of 3785 lines)
    functions..: 6.9% (12 of 175 functions)
[+] AFL test case: id:000017,orig:set_parameter_values_1.xml (17 / 220), cycle: 0
    lines......: 5.3% (201 of 3785 lines)
    functions..: 6.9% (12 of 175 functions)
[+] AFL test case: id:000018,orig:set_parameter_values_2.xml (18 / 220), cycle: 0
    lines......: 5.3% (201 of 3785 lines)
    functions..: 6.9% (12 of 175 functions)
[+] AFL test case: id:000019,orig:set_parameter_values_3.xml (19 / 220), cycle: 0
    lines......: 5.3% (201 of 3785 lines)
    functions..: 6.9% (12 of 175 functions)
[+] AFL test case: id:000020,orig:transfer_complete_response.xml (20 / 220), cycle: 0
    lines......: 5.3% (201 of 3785 lines)
    functions..: 6.9% (12 of 175 functions)
[+] AFL test case: id:000021,orig:upload.xml (21 / 220), cycle: 0
    lines......: 5.3% (201 of 3785 lines)
    functions..: 6.9% (12 of 175 functions)
[+] AFL test case: id:000022,src:000004,op:tree,pos:0,+cov (22 / 220), cycle: 0
    lines......: 5.3% (201 of 3785 lines)
    functions..: 6.9% (12 of 175 functions)
[+] AFL test case: id:000023,src:000004,op:tree,pos:0,+cov (23 / 220), cycle: 0
    lines......: 5.3% (201 of 3785 lines)
    functions..: 6.9% (12 of 175 functions)
[+] AFL test case: id:000024,src:000004,op:tree,pos:0,+cov (24 / 220), cycle: 0
    lines......: 5.3% (201 of 3785 lines)
    functions..: 6.9% (12 of 175 functions)
[+] AFL test case: id:000025,src:000004,op:tree,pos:0,+cov (25 / 220), cycle: 0
    lines......: 5.3% (201 of 3785 lines)
    functions..: 6.9% (12 of 175 functions)
[+] AFL test case: id:000026,src:000004,op:tree,pos:0,+cov (26 / 220), cycle: 0
    lines......: 5.3% (201 of 3785 lines)
    functions..: 6.9% (12 of 175 functions)
[+] AFL test case: id:000027,src:000004,op:tree,pos:0,+cov (27 / 220), cycle: 0
    lines......: 5.3% (201 of 3785 lines)
    functions..: 6.9% (12 of 175 functions)
[+] AFL test case: id:000028,src:000004,op:tree,pos:0,+cov (28 / 220), cycle: 0
    lines......: 5.3% (201 of 3785 lines)
    functions..: 6.9% (12 of 175 functions)
[+] AFL test case: id:000029,src:000004,op:tree,pos:0,+cov (29 / 220), cycle: 0
    lines......: 5.3% (201 of 3785 lines)
    functions..: 6.9% (12 of 175 functions)
[+] AFL test case: id:000030,sync:fuzzer01,src:000027,+cov (30 / 220), cycle: 0
    lines......: 5.3% (201 of 3785 lines)
    functions..: 6.9% (12 of 175 functions)
[+] AFL test case: id:000031,src:000010,op:havoc,rep:2,+cov (31 / 220), cycle: 0
    lines......: 5.3% (201 of 3785 lines)
    functions..: 6.9% (12 of 175 functions)
[+] AFL test case: id:000032,src:000010,op:havoc,rep:2,+cov (32 / 220), cycle: 0
    lines......: 5.3% (201 of 3785 lines)
    functions..: 6.9% (12 of 175 functions)
[+] AFL test case: id:000033,src:000010,op:havoc,rep:2,+cov (33 / 220), cycle: 0
    lines......: 5.3% (201 of 3785 lines)
    functions..: 6.9% (12 of 175 functions)
[+] AFL test case: id:000034,src:000010,op:havoc,rep:2,+cov (34 / 220), cycle: 0
    lines......: 5.3% (201 of 3785 lines)
    functions..: 6.9% (12 of 175 functions)
[+] AFL test case: id:000035,src:000010,op:havoc,rep:2,+cov (35 / 220), cycle: 0
    lines......: 5.3% (201 of 3785 lines)
    functions..: 6.9% (12 of 175 functions)
[+] AFL test case: id:000036,src:000010,op:havoc,rep:2,+cov (36 / 220), cycle: 0
    lines......: 5.3% (201 of 3785 lines)
    functions..: 6.9% (12 of 175 functions)
[+] AFL test case: id:000037,src:000020,op:havoc,rep:4,+cov (37 / 220), cycle: 0
    lines......: 5.3% (201 of 3785 lines)
    functions..: 6.9% (12 of 175 functions)
[+] AFL test case: id:000038,src:000020+000036,op:splice,rep:4,+cov (38 / 220), cycle: 0
    lines......: 5.3% (201 of 3785 lines)
    functions..: 6.9% (12 of 175 functions)
[+] AFL test case: id:000039,sync:fuzzer01,src:000032,+cov (39 / 220), cycle: 0
    lines......: 5.3% (201 of 3785 lines)
    functions..: 6.9% (12 of 175 functions)
[+] AFL test case: id:000040,sync:fuzzer03,src:000034,+cov (40 / 220), cycle: 0
    lines......: 5.3% (201 of 3785 lines)
    functions..: 6.9% (12 of 175 functions)
[+] AFL test case: id:000041,sync:fuzzer03,src:000043,+cov (41 / 220), cycle: 0
    lines......: 5.3% (201 of 3785 lines)
    functions..: 6.9% (12 of 175 functions)
[+] AFL test case: id:000042,sync:fuzzer03,src:000044,+cov (42 / 220), cycle: 0
    lines......: 5.3% (201 of 3785 lines)
    functions..: 6.9% (12 of 175 functions)
[+] AFL test case: id:000043,sync:fuzzer03,src:000041,+cov (43 / 220), cycle: 0
    lines......: 5.3% (201 of 3785 lines)
    functions..: 6.9% (12 of 175 functions)
[+] AFL test case: id:000044,sync:fuzzer03,src:000042,+cov (44 / 220), cycle: 0
    lines......: 5.3% (201 of 3785 lines)
    functions..: 6.9% (12 of 175 functions)
[+] AFL test case: id:000045,sync:fuzzer03,src:000040,+cov (45 / 220), cycle: 0
    lines......: 5.3% (201 of 3785 lines)
    functions..: 6.9% (12 of 175 functions)
[+] AFL test case: id:000046,src:000037,op:havoc,rep:4,+cov (46 / 220), cycle: 0
    lines......: 5.3% (201 of 3785 lines)
    functions..: 6.9% (12 of 175 functions)
[+] AFL test case: id:000047,src:000041+000012,op:splice,rep:2,+cov (47 / 220), cycle: 0
    lines......: 5.3% (201 of 3785 lines)
    functions..: 6.9% (12 of 175 functions)
[+] AFL test case: id:000048,sync:fuzzer03,src:000047,+cov (48 / 220), cycle: 0
    lines......: 5.3% (201 of 3785 lines)
    functions..: 6.9% (12 of 175 functions)
[+] AFL test case: id:000049,src:000047+000009,op:splice,rep:16,+cov (49 / 220), cycle: 0
    lines......: 5.3% (201 of 3785 lines)
    functions..: 6.9% (12 of 175 functions)
[+] AFL test case: id:000050,sync:fuzzer03,src:000048,+cov (50 / 220), cycle: 0
    lines......: 5.3% (201 of 3785 lines)
    functions..: 6.9% (12 of 175 functions)
[+] AFL test case: id:000051,src:000049,op:havoc,rep:4,+cov (51 / 220), cycle: 0
    lines......: 5.3% (201 of 3785 lines)
    functions..: 6.9% (12 of 175 functions)
[+] AFL test case: id:000052,sync:fuzzer03,src:000053,+cov (52 / 220), cycle: 0
    lines......: 5.3% (201 of 3785 lines)
    functions..: 6.9% (12 of 175 functions)
[+] AFL test case: id:000053,sync:fuzzer03,src:000052,+cov (53 / 220), cycle: 0
    lines......: 5.3% (201 of 3785 lines)
    functions..: 6.9% (12 of 175 functions)
[+] AFL test case: id:000054,sync:fuzzer03,src:000054,+cov (54 / 220), cycle: 0
    lines......: 5.3% (201 of 3785 lines)
    functions..: 6.9% (12 of 175 functions)
[+] AFL test case: id:000055,sync:fuzzer03,src:000051,+cov (55 / 220), cycle: 0
    lines......: 5.3% (201 of 3785 lines)
    functions..: 6.9% (12 of 175 functions)
[+] AFL test case: id:000056,src:000053,op:tree,rep:4,+cov (56 / 220), cycle: 0
    lines......: 5.3% (201 of 3785 lines)
    functions..: 6.9% (12 of 175 functions)
[+] AFL test case: id:000057,src:000053,op:tree,rep:4,+cov (57 / 220), cycle: 0
    lines......: 5.3% (201 of 3785 lines)
    functions..: 6.9% (12 of 175 functions)
[+] AFL test case: id:000058,src:000053,op:tree,rep:4,+cov (58 / 220), cycle: 0
    lines......: 5.3% (201 of 3785 lines)
    functions..: 6.9% (12 of 175 functions)
[+] AFL test case: id:000059,src:000053,op:tree,rep:4,+cov (59 / 220), cycle: 0
    lines......: 5.3% (201 of 3785 lines)
    functions..: 6.9% (12 of 175 functions)
[+] AFL test case: id:000060,src:000054,op:tree,rep:8,+cov (60 / 220), cycle: 0
    lines......: 5.3% (201 of 3785 lines)
    functions..: 6.9% (12 of 175 functions)
[+] AFL test case: id:000061,sync:fuzzer03,src:000056,+cov (61 / 220), cycle: 0
    lines......: 5.3% (201 of 3785 lines)
    functions..: 6.9% (12 of 175 functions)
[+] AFL test case: id:000062,sync:fuzzer03,src:000061,+cov (62 / 220), cycle: 0
    lines......: 5.3% (201 of 3785 lines)
    functions..: 6.9% (12 of 175 functions)
[+] AFL test case: id:000063,sync:fuzzer04,src:000063,+cov (63 / 220), cycle: 0
    lines......: 5.3% (201 of 3785 lines)
    functions..: 6.9% (12 of 175 functions)
[+] AFL test case: id:000064,src:000061,op:tree,rep:128,+cov (64 / 220), cycle: 0
    lines......: 5.3% (201 of 3785 lines)
    functions..: 6.9% (12 of 175 functions)
[+] AFL test case: id:000065,sync:fuzzer03,src:000065,+cov (65 / 220), cycle: 0
    lines......: 5.3% (201 of 3785 lines)
    functions..: 6.9% (12 of 175 functions)
[+] AFL test case: id:000066,sync:fuzzer03,src:000064,+cov (66 / 220), cycle: 0
    lines......: 5.3% (201 of 3785 lines)
    functions..: 6.9% (12 of 175 functions)
[+] AFL test case: id:000067,sync:fuzzer03,src:000067,+cov (67 / 220), cycle: 0
    lines......: 5.3% (201 of 3785 lines)
    functions..: 6.9% (12 of 175 functions)
[+] AFL test case: id:000068,sync:fuzzer03,src:000066,+cov (68 / 220), cycle: 0
    lines......: 5.3% (201 of 3785 lines)
    functions..: 6.9% (12 of 175 functions)
[+] AFL test case: id:000069,sync:fuzzer03,src:000068,+cov (69 / 220), cycle: 0
    lines......: 5.3% (201 of 3785 lines)
    functions..: 6.9% (12 of 175 functions)
[+] AFL test case: id:000070,sync:fuzzer01,src:000062,+cov (70 / 220), cycle: 0
    lines......: 5.3% (201 of 3785 lines)
    functions..: 6.9% (12 of 175 functions)
[+] AFL test case: id:000071,sync:fuzzer01,src:000064,+cov (71 / 220), cycle: 0
    lines......: 5.3% (201 of 3785 lines)
    functions..: 6.9% (12 of 175 functions)
[+] AFL test case: id:000072,sync:fuzzer04,src:000071,+cov (72 / 220), cycle: 0
    lines......: 5.3% (201 of 3785 lines)
    functions..: 6.9% (12 of 175 functions)
[+] AFL test case: id:000073,src:000070+000071,op:splice,rep:4,+cov (73 / 220), cycle: 0
    lines......: 5.3% (201 of 3785 lines)
    functions..: 6.9% (12 of 175 functions)
[+] AFL test case: id:000074,sync:fuzzer03,src:000073,+cov (74 / 220), cycle: 0
    lines......: 5.3% (201 of 3785 lines)
    functions..: 6.9% (12 of 175 functions)
[+] AFL test case: id:000075,src:000070+000033,op:splice,rep:2,+cov (75 / 220), cycle: 0
    lines......: 5.3% (201 of 3785 lines)
    functions..: 6.9% (12 of 175 functions)

*** Imported 76 new test cases from: /home/maarten/final_fuzzer_outputs/afl_output_transfer_complete_response_24h//fuzzer04/queue

[+] AFL test case: id:000000,orig:add_object.xml (0 / 296), cycle: 0
    lines......: 5.3% (201 of 3785 lines)
    functions..: 6.9% (12 of 175 functions)
[+] AFL test case: id:000001,orig:delete_object.xml (1 / 296), cycle: 0
    lines......: 5.3% (201 of 3785 lines)
    functions..: 6.9% (12 of 175 functions)
[+] AFL test case: id:000002,orig:download.xml (2 / 296), cycle: 0
    lines......: 5.3% (201 of 3785 lines)
    functions..: 6.9% (12 of 175 functions)
[+] AFL test case: id:000003,orig:factory_reset.xml (3 / 296), cycle: 0
    lines......: 5.3% (201 of 3785 lines)
    functions..: 6.9% (12 of 175 functions)
[+] AFL test case: id:000004,orig:fault.xml (4 / 296), cycle: 0
    lines......: 5.3% (201 of 3785 lines)
    functions..: 6.9% (12 of 175 functions)
[+] AFL test case: id:000005,orig:get_parameter_attributes.xml (5 / 296), cycle: 0
    lines......: 5.3% (201 of 3785 lines)
    functions..: 6.9% (12 of 175 functions)
[+] AFL test case: id:000006,orig:get_parameter_names_1.xml (6 / 296), cycle: 0
    lines......: 5.3% (201 of 3785 lines)
    functions..: 6.9% (12 of 175 functions)
[+] AFL test case: id:000007,orig:get_parameter_names_2.xml (7 / 296), cycle: 0
    lines......: 5.3% (201 of 3785 lines)
    functions..: 6.9% (12 of 175 functions)
[+] AFL test case: id:000008,orig:get_parameter_values_1.xml (8 / 296), cycle: 0
    lines......: 5.3% (201 of 3785 lines)
    functions..: 6.9% (12 of 175 functions)
[+] AFL test case: id:000009,orig:get_parameter_values_2.xml (9 / 296), cycle: 0
    lines......: 5.3% (201 of 3785 lines)
    functions..: 6.9% (12 of 175 functions)
[+] AFL test case: id:000010,orig:get_rpc_methods.xml (10 / 296), cycle: 0
    lines......: 5.3% (201 of 3785 lines)
    functions..: 6.9% (12 of 175 functions)
[+] AFL test case: id:000011,orig:get_rpc_methods_response.xml (11 / 296), cycle: 0
    lines......: 5.3% (201 of 3785 lines)
    functions..: 6.9% (12 of 175 functions)
[+] AFL test case: id:000012,orig:inform_response.xml (12 / 296), cycle: 0
    lines......: 5.3% (201 of 3785 lines)
    functions..: 6.9% (12 of 175 functions)
[+] AFL test case: id:000013,orig:reboot.xml (13 / 296), cycle: 0
    lines......: 5.3% (201 of 3785 lines)
    functions..: 6.9% (12 of 175 functions)
[+] AFL test case: id:000014,orig:schedule_inform.xml (14 / 296), cycle: 0
    lines......: 5.3% (201 of 3785 lines)
    functions..: 6.9% (12 of 175 functions)
[+] AFL test case: id:000015,orig:set_parameter_attributes_1.xml (15 / 296), cycle: 0
    lines......: 5.3% (201 of 3785 lines)
    functions..: 6.9% (12 of 175 functions)
[+] AFL test case: id:000016,orig:set_parameter_attributes_2.xml (16 / 296), cycle: 0
    lines......: 5.3% (201 of 3785 lines)
    functions..: 6.9% (12 of 175 functions)
[+] AFL test case: id:000017,orig:set_parameter_values_1.xml (17 / 296), cycle: 0
    lines......: 5.3% (201 of 3785 lines)
    functions..: 6.9% (12 of 175 functions)
[+] AFL test case: id:000018,orig:set_parameter_values_2.xml (18 / 296), cycle: 0
    lines......: 5.3% (201 of 3785 lines)
    functions..: 6.9% (12 of 175 functions)
[+] AFL test case: id:000019,orig:set_parameter_values_3.xml (19 / 296), cycle: 0
    lines......: 5.3% (201 of 3785 lines)
    functions..: 6.9% (12 of 175 functions)
[+] AFL test case: id:000020,orig:transfer_complete_response.xml (20 / 296), cycle: 0
    lines......: 5.3% (201 of 3785 lines)
    functions..: 6.9% (12 of 175 functions)
[+] AFL test case: id:000021,orig:upload.xml (21 / 296), cycle: 0
    lines......: 5.3% (201 of 3785 lines)
    functions..: 6.9% (12 of 175 functions)
[+] AFL test case: id:000022,src:000003,op:tree,pos:0,+cov (22 / 296), cycle: 0
    lines......: 5.3% (201 of 3785 lines)
    functions..: 6.9% (12 of 175 functions)
[+] AFL test case: id:000023,src:000003,op:tree,pos:0,+cov (23 / 296), cycle: 0
    lines......: 5.3% (201 of 3785 lines)
    functions..: 6.9% (12 of 175 functions)
[+] AFL test case: id:000024,src:000003,op:tree,pos:0,+cov (24 / 296), cycle: 0
    lines......: 5.3% (201 of 3785 lines)
    functions..: 6.9% (12 of 175 functions)
[+] AFL test case: id:000025,src:000003,op:tree,pos:0,+cov (25 / 296), cycle: 0
    lines......: 5.3% (201 of 3785 lines)
    functions..: 6.9% (12 of 175 functions)
[+] AFL test case: id:000026,src:000003,op:tree,pos:0,+cov (26 / 296), cycle: 0
    lines......: 5.3% (201 of 3785 lines)
    functions..: 6.9% (12 of 175 functions)
[+] AFL test case: id:000027,src:000003,op:tree,pos:0,+cov (27 / 296), cycle: 0
    lines......: 5.3% (201 of 3785 lines)
    functions..: 6.9% (12 of 175 functions)
[+] AFL test case: id:000028,src:000003,op:tree,pos:0,+cov (28 / 296), cycle: 0
    lines......: 5.3% (201 of 3785 lines)
    functions..: 6.9% (12 of 175 functions)
[+] AFL test case: id:000029,src:000003,op:tree,pos:0,+cov (29 / 296), cycle: 0
    lines......: 5.3% (201 of 3785 lines)
    functions..: 6.9% (12 of 175 functions)
[+] AFL test case: id:000030,src:000003,op:havoc,rep:2,+cov (30 / 296), cycle: 0
    lines......: 5.3% (201 of 3785 lines)
    functions..: 6.9% (12 of 175 functions)
[+] AFL test case: id:000031,src:000003,op:havoc,rep:2,+cov (31 / 296), cycle: 0
    lines......: 5.3% (201 of 3785 lines)
    functions..: 6.9% (12 of 175 functions)
[+] AFL test case: id:000032,src:000003,op:havoc,rep:2,+cov (32 / 296), cycle: 0
    lines......: 5.3% (201 of 3785 lines)
    functions..: 6.9% (12 of 175 functions)
[+] AFL test case: id:000033,src:000003,op:havoc,rep:4,+cov (33 / 296), cycle: 0
    lines......: 5.3% (201 of 3785 lines)
    functions..: 6.9% (12 of 175 functions)
[+] AFL test case: id:000034,src:000003,op:havoc,rep:2,+cov (34 / 296), cycle: 0
    lines......: 5.3% (201 of 3785 lines)
    functions..: 6.9% (12 of 175 functions)
[+] AFL test case: id:000035,src:000003,op:havoc,rep:2,+cov (35 / 296), cycle: 0
    lines......: 5.3% (201 of 3785 lines)
    functions..: 6.9% (12 of 175 functions)
[+] AFL test case: id:000036,sync:fuzzer02,src:000035,+cov (36 / 296), cycle: 0
    lines......: 5.3% (201 of 3785 lines)
    functions..: 6.9% (12 of 175 functions)
[+] AFL test case: id:000037,sync:fuzzer02,src:000038,+cov (37 / 296), cycle: 0
    lines......: 5.3% (201 of 3785 lines)
    functions..: 6.9% (12 of 175 functions)
[+] AFL test case: id:000038,sync:fuzzer02,src:000037,+cov (38 / 296), cycle: 0
    lines......: 5.3% (201 of 3785 lines)
    functions..: 6.9% (12 of 175 functions)
[+] AFL test case: id:000039,sync:fuzzer01,src:000032,+cov (39 / 296), cycle: 0
    lines......: 5.3% (201 of 3785 lines)
    functions..: 6.9% (12 of 175 functions)
[+] AFL test case: id:000040,sync:fuzzer03,src:000034,+cov (40 / 296), cycle: 0
    lines......: 5.3% (201 of 3785 lines)
    functions..: 6.9% (12 of 175 functions)
[+] AFL test case: id:000041,sync:fuzzer03,src:000041,+cov (41 / 296), cycle: 0
    lines......: 5.3% (201 of 3785 lines)
    functions..: 6.9% (12 of 175 functions)
[+] AFL test case: id:000042,sync:fuzzer03,src:000042,+cov (42 / 296), cycle: 0
    lines......: 5.3% (201 of 3785 lines)
    functions..: 6.9% (12 of 175 functions)
[+] AFL test case: id:000043,sync:fuzzer03,src:000040,+cov (43 / 296), cycle: 0
    lines......: 5.3% (201 of 3785 lines)
    functions..: 6.9% (12 of 175 functions)
[+] AFL test case: id:000044,src:000038,op:havoc,rep:2,+cov (44 / 296), cycle: 0
    lines......: 5.3% (201 of 3785 lines)
    functions..: 6.9% (12 of 175 functions)
[+] AFL test case: id:000045,src:000038,op:havoc,rep:4,+cov (45 / 296), cycle: 0
    lines......: 5.3% (201 of 3785 lines)
    functions..: 6.9% (12 of 175 functions)
[+] AFL test case: id:000046,src:000038,op:havoc,rep:2,+cov (46 / 296), cycle: 0
    lines......: 5.3% (201 of 3785 lines)
    functions..: 6.9% (12 of 175 functions)
[+] AFL test case: id:000047,sync:fuzzer02,src:000047,+cov (47 / 296), cycle: 0
    lines......: 5.3% (201 of 3785 lines)
    functions..: 6.9% (12 of 175 functions)
[+] AFL test case: id:000048,sync:fuzzer02,src:000048,+cov (48 / 296), cycle: 0
    lines......: 5.3% (201 of 3785 lines)
    functions..: 6.9% (12 of 175 functions)
[+] AFL test case: id:000049,sync:fuzzer02,src:000049,+cov (49 / 296), cycle: 0
    lines......: 5.3% (201 of 3785 lines)
    functions..: 6.9% (12 of 175 functions)
[+] AFL test case: id:000050,sync:fuzzer02,src:000050,+cov (50 / 296), cycle: 0
    lines......: 5.3% (201 of 3785 lines)
    functions..: 6.9% (12 of 175 functions)
[+] AFL test case: id:000051,src:000049+000010,op:splice,rep:2,+cov (51 / 296), cycle: 0
    lines......: 5.3% (201 of 3785 lines)
    functions..: 6.9% (12 of 175 functions)
[+] AFL test case: id:000052,sync:fuzzer03,src:000053,+cov (52 / 296), cycle: 0
    lines......: 5.3% (201 of 3785 lines)
    functions..: 6.9% (12 of 175 functions)
[+] AFL test case: id:000053,sync:fuzzer03,src:000052,+cov (53 / 296), cycle: 0
    lines......: 5.3% (201 of 3785 lines)
    functions..: 6.9% (12 of 175 functions)
[+] AFL test case: id:000054,sync:fuzzer03,src:000054,+cov (54 / 296), cycle: 0
    lines......: 5.3% (201 of 3785 lines)
    functions..: 6.9% (12 of 175 functions)
[+] AFL test case: id:000055,sync:fuzzer03,src:000051,+cov (55 / 296), cycle: 0
    lines......: 5.3% (201 of 3785 lines)
    functions..: 6.9% (12 of 175 functions)
[+] AFL test case: id:000056,src:000053,op:tree,rep:32,+cov (56 / 296), cycle: 0
    lines......: 5.3% (201 of 3785 lines)
    functions..: 6.9% (12 of 175 functions)
[+] AFL test case: id:000057,src:000055,op:tree,rep:128,+cov (57 / 296), cycle: 0
    lines......: 5.3% (201 of 3785 lines)
    functions..: 6.9% (12 of 175 functions)
[+] AFL test case: id:000058,src:000055,op:tree,rep:128,+cov (58 / 296), cycle: 0
    lines......: 5.3% (201 of 3785 lines)
    functions..: 6.9% (12 of 175 functions)
[+] AFL test case: id:000059,src:000056,op:tree,rep:128,+cov (59 / 296), cycle: 0
    lines......: 5.3% (201 of 3785 lines)
    functions..: 6.9% (12 of 175 functions)
[+] AFL test case: id:000060,src:000056,op:tree,rep:128,+cov (60 / 296), cycle: 0
    lines......: 5.3% (201 of 3785 lines)
    functions..: 6.9% (12 of 175 functions)
[+] AFL test case: id:000061,sync:fuzzer02,src:000059,+cov (61 / 296), cycle: 0
    lines......: 5.3% (201 of 3785 lines)
    functions..: 6.9% (12 of 175 functions)
[+] AFL test case: id:000062,sync:fuzzer02,src:000056,+cov (62 / 296), cycle: 0
    lines......: 5.3% (201 of 3785 lines)
    functions..: 6.9% (12 of 175 functions)
[+] AFL test case: id:000063,src:000057,op:tree,rep:8,+cov (63 / 296), cycle: 0
    lines......: 5.3% (201 of 3785 lines)
    functions..: 6.9% (12 of 175 functions)
[+] AFL test case: id:000064,src:000058+000063,op:splice,rep:2,+cov (64 / 296), cycle: 0
    lines......: 5.3% (201 of 3785 lines)
    functions..: 6.9% (12 of 175 functions)
[+] AFL test case: id:000065,sync:fuzzer02,src:000064,+cov (65 / 296), cycle: 0
    lines......: 5.3% (201 of 3785 lines)
    functions..: 6.9% (12 of 175 functions)
[+] AFL test case: id:000066,sync:fuzzer03,src:000064,+cov (66 / 296), cycle: 0
    lines......: 5.3% (201 of 3785 lines)
    functions..: 6.9% (12 of 175 functions)
[+] AFL test case: id:000067,sync:fuzzer03,src:000066,+cov (67 / 296), cycle: 0
    lines......: 5.3% (201 of 3785 lines)
    functions..: 6.9% (12 of 175 functions)
[+] AFL test case: id:000068,sync:fuzzer02,src:000067,+cov (68 / 296), cycle: 0
    lines......: 5.3% (201 of 3785 lines)
    functions..: 6.9% (12 of 175 functions)
[+] AFL test case: id:000069,sync:fuzzer03,src:000068,+cov (69 / 296), cycle: 0
    lines......: 5.3% (201 of 3785 lines)
    functions..: 6.9% (12 of 175 functions)
[+] AFL test case: id:000070,sync:fuzzer01,src:000062,+cov (70 / 296), cycle: 0
    lines......: 5.3% (201 of 3785 lines)
    functions..: 6.9% (12 of 175 functions)
[+] AFL test case: id:000071,src:000050,op:havoc,rep:16,+cov (71 / 296), cycle: 0
    lines......: 5.3% (201 of 3785 lines)
    functions..: 6.9% (12 of 175 functions)
[+] AFL test case: id:000072,sync:fuzzer02,src:000071,+cov (72 / 296), cycle: 0
    lines......: 5.3% (201 of 3785 lines)
    functions..: 6.9% (12 of 175 functions)
[+] AFL test case: id:000073,sync:fuzzer02,src:000073,+cov (73 / 296), cycle: 0
    lines......: 5.3% (201 of 3785 lines)
    functions..: 6.9% (12 of 175 functions)
[+] AFL test case: id:000074,sync:fuzzer03,src:000073,+cov (74 / 296), cycle: 0
    lines......: 5.3% (201 of 3785 lines)
    functions..: 6.9% (12 of 175 functions)
[+] AFL test case: id:000075,sync:fuzzer02,src:000075,+cov (75 / 296), cycle: 0
    lines......: 5.3% (201 of 3785 lines)
    functions..: 6.9% (12 of 175 functions)
[+] Processed 296 / 296 test cases.

[+] Final zero coverage report: /home/maarten/final_fuzzer_outputs/afl_output_transfer_complete_response_24h//cov/zero-cov
[+] Final positive coverage report: /home/maarten/final_fuzzer_outputs/afl_output_transfer_complete_response_24h//cov/pos-cov
    lines......: 5.3% (201 of 3785 lines)
    functions..: 6.9% (12 of 175 functions)
[+] Final lcov web report: /home/maarten/final_fuzzer_outputs/afl_output_transfer_complete_response_24h//cov/web/index.html
